21:40:15.550 [background-preinit] INFO  Version -<clinit>   - HV000001: Hibernate Validator 6.2.5.Final

21:40:15.585 [main] INFO  Spring3Application -logStarting   - Starting Spring3Application using Java 11.0.16 on Rorschach with PID 22376 (C:\GitRepo\spring-3\target\classes started by rorsc in C:\GitRepo\spring-3)

21:40:15.589 [main] INFO  Spring3Application -logStartupProfileInfo   - No active profile set, falling back to 1 default profile: "default"

21:40:16.119 [main] INFO  RepositoryConfigurationDelegate -registerRepositoriesIn   - Bootstrapping Spring Data JPA repositories in DEFAULT mode.

21:40:16.158 [main] INFO  RepositoryConfigurationDelegate -registerRepositoriesIn   - Finished Spring Data repository scanning in 32 ms. Found 2 JPA repository interfaces.

21:40:16.647 [main] INFO  TomcatWebServer -initialize   - Tomcat initialized with port(s): 8080 (http)

21:40:16.659 [main] INFO  Http11NioProtocol -log   - Initializing ProtocolHandler ["http-nio-8080"]

21:40:16.660 [main] INFO  StandardService -log   - Starting service [Tomcat]

21:40:16.661 [main] INFO  StandardEngine -log   - Starting Servlet engine: [Apache Tomcat/9.0.65]

21:40:16.745 [main] INFO  [/] -log   - Initializing Spring embedded WebApplicationContext

21:40:16.745 [main] INFO  ServletWebServerApplicationContext -prepareWebApplicationContext   - Root WebApplicationContext: initialization completed in 1123 ms

21:40:16.847 [main] INFO  HikariDataSource -getConnection   - HikariPool-1 - Starting...

21:40:16.908 [main] INFO  HikariDataSource -getConnection   - HikariPool-1 - Start completed.

21:40:16.956 [main] INFO  LogHelper -logPersistenceUnitInformation   - HHH000204: Processing PersistenceUnitInfo [name: default]

21:40:17.009 [main] INFO  Version -logVersion   - HHH000412: Hibernate ORM core version 5.6.11.Final

21:40:17.141 [main] INFO  Version -<clinit>   - HCANN000001: Hibernate Commons Annotations {5.1.2.Final}

21:40:17.251 [main] INFO  Dialect -<init>   - HHH000400: Using dialect: org.hibernate.dialect.MariaDB106Dialect

21:40:17.760 [main] INFO  JtaPlatformInitiator -initiateService   - HHH000490: Using JtaPlatform implementation: [org.hibernate.engine.transaction.jta.platform.internal.NoJtaPlatform]

21:40:17.767 [main] INFO  LocalContainerEntityManagerFactoryBean -buildNativeEntityManagerFactory   - Initialized JPA EntityManagerFactory for persistence unit 'default'

21:40:18.142 [main] WARN  JpaBaseConfiguration$JpaWebConfiguration -openEntityManagerInViewInterceptor   - spring.jpa.open-in-view is enabled by default. Therefore, database queries may be performed during view rendering. Explicitly configure spring.jpa.open-in-view to disable this warning

21:40:18.370 [main] INFO  Http11NioProtocol -log   - Starting ProtocolHandler ["http-nio-8080"]

21:40:18.386 [main] INFO  TomcatWebServer -start   - Tomcat started on port(s): 8080 (http) with context path ''

21:40:18.601 [main] INFO  Spring3Application -logStarted   - Started Spring3Application in 3.366 seconds (JVM running for 3.975)

21:40:49.696 [http-nio-8080-exec-2] INFO  [/] -log   - Initializing Spring DispatcherServlet 'dispatcherServlet'

21:40:49.696 [http-nio-8080-exec-2] INFO  DispatcherServlet -initServletBean   - Initializing Servlet 'dispatcherServlet'

21:40:49.697 [http-nio-8080-exec-2] INFO  DispatcherServlet -initServletBean   - Completed initialization in 1 ms

21:40:49.831 [http-nio-8080-exec-2] INFO  Sender -createTransfer   - createTransfer()

21:40:49.859 [org.springframework.jms.JmsListenerEndpointContainer#1-1] INFO  Receiver -receiveFromRequest   - Message received from request	[/create] queue---


21:40:49.859 [org.springframework.jms.JmsListenerEndpointContainer#1-1] INFO  Receiver -receiveFromRequest   - request	[/create] : processing....


21:40:50.034 [org.springframework.jms.JmsListenerEndpointContainer#0-1] INFO  Receiver -receiveFromResponse   - Message received from response queue---
{
  "mgni" : {
    "id" : "MGI20221122214049873",
    "time" : "2022-11-22 21:40:49",
    "type" : "1",
    "cmNo" : "MQ",
    "kacType" : "1",
    "bankNo" : "123",
    "ccy" : "TWD",
    "pvType" : "1",
    "bicaccNo" : "2200546",
    "amt" : 20222461.00,
    "ctName" : "Echo",
    "ctTel" : "0987654321",
    "status" : "0",
    "cashiList" : [ {
      "mgniId" : "MGI20221122214049873",
      "accNo" : "01",
      "ccy" : "TWD",
      "amt" : 1445.00
    }, {
      "mgniId" : "MGI20221122214049873",
      "accNo" : "002",
      "ccy" : "TWD",
      "amt" : 20221016.00
    } ],
    "preason" : "test",
    "itype" : "",
    "utime" : "2022-11-22 21:40:49"
  },
  "message" : "create success"
}

21:40:50.039 [http-nio-8080-exec-2] INFO  Sender -createTransfer   - queue://response

21:40:56.706 [http-nio-8080-exec-3] INFO  Sender -updateTransfer   - updateTransfer()

21:40:56.715 [org.springframework.jms.JmsListenerEndpointContainer#1-1] INFO  Receiver -receiveFromRequest   - Message received from request	[/update] queue---


21:40:56.715 [org.springframework.jms.JmsListenerEndpointContainer#1-1] INFO  Receiver -receiveFromRequest   - request	[/update] : processing....


21:40:56.762 [org.springframework.jms.JmsListenerEndpointContainer#0-1] INFO  Receiver -receiveFromResponse   - Message received from response queue---
{
  "mgni" : null,
  "message" : "查無結果...."
}

21:40:56.764 [http-nio-8080-exec-3] INFO  Sender -updateTransfer   - queue://response

