21:54:49.839 [background-preinit] INFO  Version -<clinit>   - HV000001: Hibernate Validator 6.2.5.Final

21:54:49.867 [main] INFO  Spring3Application -logStarting   - Starting Spring3Application using Java 11.0.16 on Rorschach with PID 22144 (C:\GitRepo\spring-3\target\classes started by rorsc in C:\GitRepo\spring-3)

21:54:49.870 [main] INFO  Spring3Application -logStartupProfileInfo   - No active profile set, falling back to 1 default profile: "default"

21:54:50.355 [main] INFO  RepositoryConfigurationDelegate -registerRepositoriesIn   - Bootstrapping Spring Data JPA repositories in DEFAULT mode.

21:54:50.395 [main] INFO  RepositoryConfigurationDelegate -registerRepositoriesIn   - Finished Spring Data repository scanning in 34 ms. Found 2 JPA repository interfaces.

21:54:50.925 [main] INFO  TomcatWebServer -initialize   - Tomcat initialized with port(s): 8080 (http)

21:54:50.937 [main] INFO  Http11NioProtocol -log   - Initializing ProtocolHandler ["http-nio-8080"]

21:54:50.937 [main] INFO  StandardService -log   - Starting service [Tomcat]

21:54:50.938 [main] INFO  StandardEngine -log   - Starting Servlet engine: [Apache Tomcat/9.0.65]

21:54:51.027 [main] INFO  [/] -log   - Initializing Spring embedded WebApplicationContext

21:54:51.027 [main] INFO  ServletWebServerApplicationContext -prepareWebApplicationContext   - Root WebApplicationContext: initialization completed in 1127 ms

21:54:51.118 [main] INFO  HikariDataSource -getConnection   - HikariPool-1 - Starting...

21:54:51.184 [main] INFO  HikariDataSource -getConnection   - HikariPool-1 - Start completed.

21:54:51.233 [main] INFO  LogHelper -logPersistenceUnitInformation   - HHH000204: Processing PersistenceUnitInfo [name: default]

21:54:51.275 [main] INFO  Version -logVersion   - HHH000412: Hibernate ORM core version 5.6.11.Final

21:54:51.412 [main] INFO  Version -<clinit>   - HCANN000001: Hibernate Commons Annotations {5.1.2.Final}

21:54:51.513 [main] INFO  Dialect -<init>   - HHH000400: Using dialect: org.hibernate.dialect.MariaDB106Dialect

21:54:51.988 [main] INFO  JtaPlatformInitiator -initiateService   - HHH000490: Using JtaPlatform implementation: [org.hibernate.engine.transaction.jta.platform.internal.NoJtaPlatform]

21:54:51.994 [main] INFO  LocalContainerEntityManagerFactoryBean -buildNativeEntityManagerFactory   - Initialized JPA EntityManagerFactory for persistence unit 'default'

21:54:52.346 [main] WARN  JpaBaseConfiguration$JpaWebConfiguration -openEntityManagerInViewInterceptor   - spring.jpa.open-in-view is enabled by default. Therefore, database queries may be performed during view rendering. Explicitly configure spring.jpa.open-in-view to disable this warning

21:54:52.572 [main] INFO  Http11NioProtocol -log   - Starting ProtocolHandler ["http-nio-8080"]

21:54:52.587 [main] INFO  TomcatWebServer -start   - Tomcat started on port(s): 8080 (http) with context path ''

21:54:52.746 [main] INFO  Spring3Application -logStarted   - Started Spring3Application in 3.238 seconds (JVM running for 3.843)

