21:51:54.973 [background-preinit] INFO  Version -<clinit>   - HV000001: Hibernate Validator 6.2.5.Final

21:51:55.003 [main] INFO  Spring3Application -logStarting   - Starting Spring3Application using Java 11.0.16 on Rorschach with PID 18592 (C:\GitRepo\spring-3\target\classes started by rorsc in C:\GitRepo\spring-3)

21:51:55.006 [main] INFO  Spring3Application -logStartupProfileInfo   - No active profile set, falling back to 1 default profile: "default"

21:51:55.493 [main] INFO  RepositoryConfigurationDelegate -registerRepositoriesIn   - Bootstrapping Spring Data JPA repositories in DEFAULT mode.

21:51:55.538 [main] INFO  RepositoryConfigurationDelegate -registerRepositoriesIn   - Finished Spring Data repository scanning in 36 ms. Found 2 JPA repository interfaces.

21:51:56.027 [main] INFO  TomcatWebServer -initialize   - Tomcat initialized with port(s): 8080 (http)

21:51:56.040 [main] INFO  Http11NioProtocol -log   - Initializing ProtocolHandler ["http-nio-8080"]

21:51:56.041 [main] INFO  StandardService -log   - Starting service [Tomcat]

21:51:56.041 [main] INFO  StandardEngine -log   - Starting Servlet engine: [Apache Tomcat/9.0.65]

21:51:56.139 [main] INFO  [/] -log   - Initializing Spring embedded WebApplicationContext

21:51:56.140 [main] INFO  ServletWebServerApplicationContext -prepareWebApplicationContext   - Root WebApplicationContext: initialization completed in 1104 ms

21:51:56.227 [main] INFO  HikariDataSource -getConnection   - HikariPool-1 - Starting...

21:51:56.281 [main] INFO  HikariDataSource -getConnection   - HikariPool-1 - Start completed.

21:51:56.324 [main] INFO  LogHelper -logPersistenceUnitInformation   - HHH000204: Processing PersistenceUnitInfo [name: default]

21:51:56.361 [main] INFO  Version -logVersion   - HHH000412: Hibernate ORM core version 5.6.11.Final

21:51:56.489 [main] INFO  Version -<clinit>   - HCANN000001: Hibernate Commons Annotations {5.1.2.Final}

21:51:56.594 [main] INFO  Dialect -<init>   - HHH000400: Using dialect: org.hibernate.dialect.MariaDB106Dialect

21:51:56.752 [main] ERROR LocalContainerEntityManagerFactoryBean -buildNativeEntityManagerFactory   - Failed to initialize JPA EntityManagerFactory: Unable to find column with logical name: acc_no in org.hibernate.mapping.Table(mgni) and its related supertables and secondary tables

21:51:56.752 [main] WARN  AnnotationConfigServletWebServerApplicationContext -refresh   - Exception encountered during context initialization - cancelling refresh attempt: org.springframework.beans.factory.BeanCreationException: Error creating bean with name 'entityManagerFactory' defined in class path resource [org/springframework/boot/autoconfigure/orm/jpa/HibernateJpaConfiguration.class]: Invocation of init method failed; nested exception is org.hibernate.MappingException: Unable to find column with logical name: acc_no in org.hibernate.mapping.Table(mgni) and its related supertables and secondary tables

21:51:56.753 [main] INFO  HikariDataSource -close   - HikariPool-1 - Shutdown initiated...

21:51:56.757 [main] INFO  HikariDataSource -close   - HikariPool-1 - Shutdown completed.

21:51:56.760 [main] INFO  StandardService -log   - Stopping service [Tomcat]

21:51:56.768 [main] INFO  ConditionEvaluationReportLoggingListener -logMessage   - 

Error starting ApplicationContext. To display the conditions report re-run your application with 'debug' enabled.

21:51:56.782 [main] ERROR SpringApplication -reportFailure   - Application run failed

org.springframework.beans.factory.BeanCreationException: Error creating bean with name 'entityManagerFactory' defined in class path resource [org/springframework/boot/autoconfigure/orm/jpa/HibernateJpaConfiguration.class]: Invocation of init method failed; nested exception is org.hibernate.MappingException: Unable to find column with logical name: acc_no in org.hibernate.mapping.Table(mgni) and its related supertables and secondary tables
	at org.springframework.beans.factory.support.AbstractAutowireCapableBeanFactory.initializeBean(AbstractAutowireCapableBeanFactory.java:1804) ~[spring-beans-5.3.23.jar:5.3.23]
	at org.springframework.beans.factory.support.AbstractAutowireCapableBeanFactory.doCreateBean(AbstractAutowireCapableBeanFactory.java:620) ~[spring-beans-5.3.23.jar:5.3.23]
	at org.springframework.beans.factory.support.AbstractAutowireCapableBeanFactory.createBean(AbstractAutowireCapableBeanFactory.java:542) ~[spring-beans-5.3.23.jar:5.3.23]
	at org.springframework.beans.factory.support.AbstractBeanFactory.lambda$doGetBean$0(AbstractBeanFactory.java:335) ~[spring-beans-5.3.23.jar:5.3.23]
	at org.springframework.beans.factory.support.DefaultSingletonBeanRegistry.getSingleton(DefaultSingletonBeanRegistry.java:234) ~[spring-beans-5.3.23.jar:5.3.23]
	at org.springframework.beans.factory.support.AbstractBeanFactory.doGetBean(AbstractBeanFactory.java:333) ~[spring-beans-5.3.23.jar:5.3.23]
	at org.springframework.beans.factory.support.AbstractBeanFactory.getBean(AbstractBeanFactory.java:208) ~[spring-beans-5.3.23.jar:5.3.23]
	at org.springframework.context.support.AbstractApplicationContext.getBean(AbstractApplicationContext.java:1154) ~[spring-context-5.3.23.jar:5.3.23]
	at org.springframework.context.support.AbstractApplicationContext.finishBeanFactoryInitialization(AbstractApplicationContext.java:908) ~[spring-context-5.3.23.jar:5.3.23]
	at org.springframework.context.support.AbstractApplicationContext.refresh(AbstractApplicationContext.java:583) ~[spring-context-5.3.23.jar:5.3.23]
	at org.springframework.boot.web.servlet.context.ServletWebServerApplicationContext.refresh(ServletWebServerApplicationContext.java:147) ~[spring-boot-2.7.4.jar:2.7.4]
	at org.springframework.boot.SpringApplication.refresh(SpringApplication.java:734) ~[spring-boot-2.7.4.jar:2.7.4]
	at org.springframework.boot.SpringApplication.refreshContext(SpringApplication.java:408) ~[spring-boot-2.7.4.jar:2.7.4]
	at org.springframework.boot.SpringApplication.run(SpringApplication.java:308) ~[spring-boot-2.7.4.jar:2.7.4]
	at org.springframework.boot.SpringApplication.run(SpringApplication.java:1306) ~[spring-boot-2.7.4.jar:2.7.4]
	at org.springframework.boot.SpringApplication.run(SpringApplication.java:1295) ~[spring-boot-2.7.4.jar:2.7.4]
	at com.example.spring3.Spring3Application.main(Spring3Application.java:11) ~[classes/:?]
Caused by: org.hibernate.MappingException: Unable to find column with logical name: acc_no in org.hibernate.mapping.Table(mgni) and its related supertables and secondary tables
	at org.hibernate.cfg.Ejb3JoinColumn.checkReferencedColumnsType(Ejb3JoinColumn.java:839) ~[hibernate-core-5.6.11.Final.jar:5.6.11.Final]
	at org.hibernate.cfg.BinderHelper.createSyntheticPropertyReference(BinderHelper.java:126) ~[hibernate-core-5.6.11.Final.jar:5.6.11.Final]
	at org.hibernate.cfg.ToOneFkSecondPass.doSecondPass(ToOneFkSecondPass.java:104) ~[hibernate-core-5.6.11.Final.jar:5.6.11.Final]
	at org.hibernate.boot.internal.InFlightMetadataCollectorImpl.processEndOfQueue(InFlightMetadataCollectorImpl.java:1750) ~[hibernate-core-5.6.11.Final.jar:5.6.11.Final]
	at org.hibernate.boot.internal.InFlightMetadataCollectorImpl.processFkSecondPassesInOrder(InFlightMetadataCollectorImpl.java:1694) ~[hibernate-core-5.6.11.Final.jar:5.6.11.Final]
	at org.hibernate.boot.internal.InFlightMetadataCollectorImpl.processSecondPasses(InFlightMetadataCollectorImpl.java:1623) ~[hibernate-core-5.6.11.Final.jar:5.6.11.Final]
	at org.hibernate.boot.model.process.spi.MetadataBuildingProcess.complete(MetadataBuildingProcess.java:295) ~[hibernate-core-5.6.11.Final.jar:5.6.11.Final]
	at org.hibernate.jpa.boot.internal.EntityManagerFactoryBuilderImpl.metadata(EntityManagerFactoryBuilderImpl.java:1460) ~[hibernate-core-5.6.11.Final.jar:5.6.11.Final]
	at org.hibernate.jpa.boot.internal.EntityManagerFactoryBuilderImpl.build(EntityManagerFactoryBuilderImpl.java:1494) ~[hibernate-core-5.6.11.Final.jar:5.6.11.Final]
	at org.springframework.orm.jpa.vendor.SpringHibernateJpaPersistenceProvider.createContainerEntityManagerFactory(SpringHibernateJpaPersistenceProvider.java:58) ~[spring-orm-5.3.23.jar:5.3.23]
	at org.springframework.orm.jpa.LocalContainerEntityManagerFactoryBean.createNativeEntityManagerFactory(LocalContainerEntityManagerFactoryBean.java:365) ~[spring-orm-5.3.23.jar:5.3.23]
	at org.springframework.orm.jpa.AbstractEntityManagerFactoryBean.buildNativeEntityManagerFactory(AbstractEntityManagerFactoryBean.java:409) ~[spring-orm-5.3.23.jar:5.3.23]
	at org.springframework.orm.jpa.AbstractEntityManagerFactoryBean.afterPropertiesSet(AbstractEntityManagerFactoryBean.java:396) ~[spring-orm-5.3.23.jar:5.3.23]
	at org.springframework.orm.jpa.LocalContainerEntityManagerFactoryBean.afterPropertiesSet(LocalContainerEntityManagerFactoryBean.java:341) ~[spring-orm-5.3.23.jar:5.3.23]
	at org.springframework.beans.factory.support.AbstractAutowireCapableBeanFactory.invokeInitMethods(AbstractAutowireCapableBeanFactory.java:1863) ~[spring-beans-5.3.23.jar:5.3.23]
	at org.springframework.beans.factory.support.AbstractAutowireCapableBeanFactory.initializeBean(AbstractAutowireCapableBeanFactory.java:1800) ~[spring-beans-5.3.23.jar:5.3.23]
	... 16 more
