22:08:38.205 [background-preinit] INFO  Version -<clinit>   - HV000001: Hibernate Validator 6.2.5.Final

22:08:38.240 [main] INFO  Spring3Application -logStarting   - Starting Spring3Application using Java 11.0.16 on Rorschach with PID 14672 (C:\GitRepo\spring-3\target\classes started by rorsc in C:\GitRepo\spring-3)

22:08:38.244 [main] INFO  Spring3Application -logStartupProfileInfo   - No active profile set, falling back to 1 default profile: "default"

22:08:38.828 [main] INFO  RepositoryConfigurationDelegate -registerRepositoriesIn   - Bootstrapping Spring Data JPA repositories in DEFAULT mode.

22:08:38.878 [main] INFO  RepositoryConfigurationDelegate -registerRepositoriesIn   - Finished Spring Data repository scanning in 42 ms. Found 2 JPA repository interfaces.

22:08:39.462 [main] INFO  TomcatWebServer -initialize   - Tomcat initialized with port(s): 8080 (http)

22:08:39.474 [main] INFO  Http11NioProtocol -log   - Initializing ProtocolHandler ["http-nio-8080"]

22:08:39.475 [main] INFO  StandardService -log   - Starting service [Tomcat]

22:08:39.475 [main] INFO  StandardEngine -log   - Starting Servlet engine: [Apache Tomcat/9.0.65]

22:08:39.573 [main] INFO  [/] -log   - Initializing Spring embedded WebApplicationContext

22:08:39.573 [main] INFO  ServletWebServerApplicationContext -prepareWebApplicationContext   - Root WebApplicationContext: initialization completed in 1292 ms

22:08:39.677 [main] INFO  HikariDataSource -getConnection   - HikariPool-1 - Starting...

22:08:39.741 [main] INFO  HikariDataSource -getConnection   - HikariPool-1 - Start completed.

22:08:39.781 [main] INFO  LogHelper -logPersistenceUnitInformation   - HHH000204: Processing PersistenceUnitInfo [name: default]

22:08:39.822 [main] INFO  Version -logVersion   - HHH000412: Hibernate ORM core version 5.6.11.Final

22:08:39.992 [main] INFO  Version -<clinit>   - HCANN000001: Hibernate Commons Annotations {5.1.2.Final}

22:08:40.098 [main] INFO  Dialect -<init>   - HHH000400: Using dialect: org.hibernate.dialect.MariaDB106Dialect

22:08:40.601 [main] INFO  JtaPlatformInitiator -initiateService   - HHH000490: Using JtaPlatform implementation: [org.hibernate.engine.transaction.jta.platform.internal.NoJtaPlatform]

22:08:40.608 [main] INFO  LocalContainerEntityManagerFactoryBean -buildNativeEntityManagerFactory   - Initialized JPA EntityManagerFactory for persistence unit 'default'

22:08:41.056 [main] WARN  JpaBaseConfiguration$JpaWebConfiguration -openEntityManagerInViewInterceptor   - spring.jpa.open-in-view is enabled by default. Therefore, database queries may be performed during view rendering. Explicitly configure spring.jpa.open-in-view to disable this warning

22:08:41.300 [main] INFO  Http11NioProtocol -log   - Starting ProtocolHandler ["http-nio-8080"]

22:08:41.318 [main] INFO  TomcatWebServer -start   - Tomcat started on port(s): 8080 (http) with context path ''

22:08:41.517 [main] INFO  Spring3Application -logStarted   - Started Spring3Application in 3.691 seconds (JVM running for 4.356)

22:08:42.712 [http-nio-8080-exec-3] INFO  [/] -log   - Initializing Spring DispatcherServlet 'dispatcherServlet'

22:08:42.713 [http-nio-8080-exec-3] INFO  DispatcherServlet -initServletBean   - Initializing Servlet 'dispatcherServlet'

22:08:42.713 [http-nio-8080-exec-3] INFO  DispatcherServlet -initServletBean   - Completed initialization in 0 ms

22:08:42.869 [http-nio-8080-exec-3] INFO  Sender -updateTransfer   - updateTransfer()

22:08:42.887 [org.springframework.jms.JmsListenerEndpointContainer#0-1] INFO  Receiver -receiveFromRequest   - Message received from request	[/update] queue---


22:08:42.887 [org.springframework.jms.JmsListenerEndpointContainer#0-1] INFO  Receiver -receiveFromRequest   - request	[/update] : processing....


22:08:42.998 [http-nio-8080-exec-3] WARN  ErrorPacket -warn   - Error: 1048-23000: Column 'mgni_id' cannot be null

22:08:42.999 [http-nio-8080-exec-3] WARN  SqlExceptionHelper -logExceptions   - SQL Error: 1048, SQLState: 23000

22:08:42.999 [http-nio-8080-exec-3] ERROR SqlExceptionHelper -logExceptions   - (conn=84) Column 'mgni_id' cannot be null

22:08:43.000 [http-nio-8080-exec-3] INFO  AbstractBatchImpl -release   - HHH000010: On release of batch it still contained JDBC statements

22:08:50.690 [http-nio-8080-exec-2] INFO  Sender -readTransfer   - readTransfer()

22:08:50.698 [org.springframework.jms.JmsListenerEndpointContainer#0-1] INFO  Receiver -receiveFromRequest   - Message received from request	[/find/Dynamic] queue---


22:08:50.698 [org.springframework.jms.JmsListenerEndpointContainer#0-1] INFO  Receiver -receiveFromRequest   - request	[/find/Dynamic] : processing....


