22:00:03.896 [background-preinit] INFO  Version -<clinit>   - HV000001: Hibernate Validator 6.2.5.Final

22:00:03.929 [main] INFO  Spring3Application -logStarting   - Starting Spring3Application using Java 11.0.16 on Rorschach with PID 14072 (C:\GitRepo\spring-3\target\classes started by rorsc in C:\GitRepo\spring-3)

22:00:03.933 [main] INFO  Spring3Application -logStartupProfileInfo   - No active profile set, falling back to 1 default profile: "default"

22:00:04.476 [main] INFO  RepositoryConfigurationDelegate -registerRepositoriesIn   - Bootstrapping Spring Data JPA repositories in DEFAULT mode.

22:00:04.529 [main] INFO  RepositoryConfigurationDelegate -registerRepositoriesIn   - Finished Spring Data repository scanning in 43 ms. Found 2 JPA repository interfaces.

22:00:05.132 [main] INFO  TomcatWebServer -initialize   - Tomcat initialized with port(s): 8080 (http)

22:00:05.149 [main] INFO  Http11NioProtocol -log   - Initializing ProtocolHandler ["http-nio-8080"]

22:00:05.149 [main] INFO  StandardService -log   - Starting service [Tomcat]

22:00:05.150 [main] INFO  StandardEngine -log   - Starting Servlet engine: [Apache Tomcat/9.0.65]

22:00:05.249 [main] INFO  [/] -log   - Initializing Spring embedded WebApplicationContext

22:00:05.250 [main] INFO  ServletWebServerApplicationContext -prepareWebApplicationContext   - Root WebApplicationContext: initialization completed in 1282 ms

22:00:05.354 [main] INFO  HikariDataSource -getConnection   - HikariPool-1 - Starting...

22:00:05.443 [main] INFO  HikariDataSource -getConnection   - HikariPool-1 - Start completed.

22:00:05.496 [main] INFO  LogHelper -logPersistenceUnitInformation   - HHH000204: Processing PersistenceUnitInfo [name: default]

22:00:05.540 [main] INFO  Version -logVersion   - HHH000412: Hibernate ORM core version 5.6.11.Final

22:00:05.693 [main] INFO  Version -<clinit>   - HCANN000001: Hibernate Commons Annotations {5.1.2.Final}

22:00:05.808 [main] INFO  Dialect -<init>   - HHH000400: Using dialect: org.hibernate.dialect.MariaDB106Dialect

22:00:06.353 [main] INFO  JtaPlatformInitiator -initiateService   - HHH000490: Using JtaPlatform implementation: [org.hibernate.engine.transaction.jta.platform.internal.NoJtaPlatform]

22:00:06.361 [main] INFO  LocalContainerEntityManagerFactoryBean -buildNativeEntityManagerFactory   - Initialized JPA EntityManagerFactory for persistence unit 'default'

22:00:06.839 [main] WARN  JpaBaseConfiguration$JpaWebConfiguration -openEntityManagerInViewInterceptor   - spring.jpa.open-in-view is enabled by default. Therefore, database queries may be performed during view rendering. Explicitly configure spring.jpa.open-in-view to disable this warning

22:00:07.113 [main] INFO  Http11NioProtocol -log   - Starting ProtocolHandler ["http-nio-8080"]

22:00:07.135 [main] INFO  TomcatWebServer -start   - Tomcat started on port(s): 8080 (http) with context path ''

22:00:07.303 [main] INFO  Spring3Application -logStarted   - Started Spring3Application in 3.745 seconds (JVM running for 4.757)

22:00:09.875 [http-nio-8080-exec-1] INFO  [/] -log   - Initializing Spring DispatcherServlet 'dispatcherServlet'

22:00:09.876 [http-nio-8080-exec-1] INFO  DispatcherServlet -initServletBean   - Initializing Servlet 'dispatcherServlet'

22:00:09.877 [http-nio-8080-exec-1] INFO  DispatcherServlet -initServletBean   - Completed initialization in 1 ms

22:00:10.132 [http-nio-8080-exec-1] INFO  Sender -updateTransfer   - updateTransfer()

22:00:10.159 [org.springframework.jms.JmsListenerEndpointContainer#0-1] INFO  Receiver -receiveFromRequest   - Message received from request	[/update] queue---


22:00:10.159 [org.springframework.jms.JmsListenerEndpointContainer#0-1] INFO  Receiver -receiveFromRequest   - request	[/update] : processing....


