22:07:31.797 [background-preinit] INFO  Version -<clinit>   - HV000001: Hibernate Validator 6.2.5.Final

22:07:31.829 [main] INFO  Spring3Application -logStarting   - Starting Spring3Application using Java 11.0.16 on Rorschach with PID 20148 (C:\GitRepo\spring-3\target\classes started by rorsc in C:\GitRepo\spring-3)

22:07:31.833 [main] INFO  Spring3Application -logStartupProfileInfo   - No active profile set, falling back to 1 default profile: "default"

22:07:32.320 [main] INFO  RepositoryConfigurationDelegate -registerRepositoriesIn   - Bootstrapping Spring Data JPA repositories in DEFAULT mode.

22:07:32.364 [main] INFO  RepositoryConfigurationDelegate -registerRepositoriesIn   - Finished Spring Data repository scanning in 36 ms. Found 2 JPA repository interfaces.

22:07:32.868 [main] INFO  TomcatWebServer -initialize   - Tomcat initialized with port(s): 8080 (http)

22:07:32.880 [main] INFO  Http11NioProtocol -log   - Initializing ProtocolHandler ["http-nio-8080"]

22:07:32.880 [main] INFO  StandardService -log   - Starting service [Tomcat]

22:07:32.880 [main] INFO  StandardEngine -log   - Starting Servlet engine: [Apache Tomcat/9.0.65]

22:07:32.974 [main] INFO  [/] -log   - Initializing Spring embedded WebApplicationContext

22:07:32.975 [main] INFO  ServletWebServerApplicationContext -prepareWebApplicationContext   - Root WebApplicationContext: initialization completed in 1110 ms

22:07:33.079 [main] INFO  HikariDataSource -getConnection   - HikariPool-1 - Starting...

22:07:33.135 [main] INFO  HikariDataSource -getConnection   - HikariPool-1 - Start completed.

22:07:33.179 [main] INFO  LogHelper -logPersistenceUnitInformation   - HHH000204: Processing PersistenceUnitInfo [name: default]

22:07:33.223 [main] INFO  Version -logVersion   - HHH000412: Hibernate ORM core version 5.6.11.Final

22:07:33.364 [main] INFO  Version -<clinit>   - HCANN000001: Hibernate Commons Annotations {5.1.2.Final}

22:07:33.462 [main] INFO  Dialect -<init>   - HHH000400: Using dialect: org.hibernate.dialect.MariaDB106Dialect

22:07:33.949 [main] INFO  JtaPlatformInitiator -initiateService   - HHH000490: Using JtaPlatform implementation: [org.hibernate.engine.transaction.jta.platform.internal.NoJtaPlatform]

22:07:33.955 [main] INFO  LocalContainerEntityManagerFactoryBean -buildNativeEntityManagerFactory   - Initialized JPA EntityManagerFactory for persistence unit 'default'

22:07:34.350 [main] WARN  JpaBaseConfiguration$JpaWebConfiguration -openEntityManagerInViewInterceptor   - spring.jpa.open-in-view is enabled by default. Therefore, database queries may be performed during view rendering. Explicitly configure spring.jpa.open-in-view to disable this warning

22:07:34.578 [main] INFO  Http11NioProtocol -log   - Starting ProtocolHandler ["http-nio-8080"]

22:07:34.596 [main] INFO  TomcatWebServer -start   - Tomcat started on port(s): 8080 (http) with context path ''

22:07:34.756 [main] INFO  Spring3Application -logStarted   - Started Spring3Application in 3.296 seconds (JVM running for 3.95)

22:07:38.105 [http-nio-8080-exec-2] INFO  [/] -log   - Initializing Spring DispatcherServlet 'dispatcherServlet'

22:07:38.106 [http-nio-8080-exec-2] INFO  DispatcherServlet -initServletBean   - Initializing Servlet 'dispatcherServlet'

22:07:38.107 [http-nio-8080-exec-2] INFO  DispatcherServlet -initServletBean   - Completed initialization in 0 ms

22:07:38.265 [http-nio-8080-exec-2] INFO  Sender -updateTransfer   - updateTransfer()

22:07:38.283 [org.springframework.jms.JmsListenerEndpointContainer#1-1] INFO  Receiver -receiveFromRequest   - Message received from request	[/update] queue---


22:07:38.284 [org.springframework.jms.JmsListenerEndpointContainer#1-1] INFO  Receiver -receiveFromRequest   - request	[/update] : processing....


22:07:38.393 [http-nio-8080-exec-2] WARN  ErrorPacket -warn   - Error: 1048-23000: Column 'mgni_id' cannot be null

22:07:38.395 [http-nio-8080-exec-2] WARN  SqlExceptionHelper -logExceptions   - SQL Error: 1048, SQLState: 23000

22:07:38.395 [http-nio-8080-exec-2] ERROR SqlExceptionHelper -logExceptions   - (conn=74) Column 'mgni_id' cannot be null

22:07:38.396 [http-nio-8080-exec-2] INFO  AbstractBatchImpl -release   - HHH000010: On release of batch it still contained JDBC statements

