22:12:52.119 [background-preinit] INFO  Version -<clinit>   - HV000001: Hibernate Validator 6.2.5.Final

22:12:52.159 [main] INFO  Spring3Application -logStarting   - Starting Spring3Application using Java 11.0.16 on Rorschach with PID 9220 (C:\GitRepo\spring-3\target\classes started by rorsc in C:\GitRepo\spring-3)

22:12:52.164 [main] INFO  Spring3Application -logStartupProfileInfo   - No active profile set, falling back to 1 default profile: "default"

22:12:52.732 [main] INFO  RepositoryConfigurationDelegate -registerRepositoriesIn   - Bootstrapping Spring Data JPA repositories in DEFAULT mode.

22:12:52.774 [main] INFO  RepositoryConfigurationDelegate -registerRepositoriesIn   - Finished Spring Data repository scanning in 36 ms. Found 1 JPA repository interfaces.

22:12:53.423 [main] INFO  TomcatWebServer -initialize   - Tomcat initialized with port(s): 8080 (http)

22:12:53.441 [main] INFO  Http11NioProtocol -log   - Initializing ProtocolHandler ["http-nio-8080"]

22:12:53.442 [main] INFO  StandardService -log   - Starting service [Tomcat]

22:12:53.442 [main] INFO  StandardEngine -log   - Starting Servlet engine: [Apache Tomcat/9.0.65]

22:12:53.701 [main] INFO  [/] -log   - Initializing Spring embedded WebApplicationContext

22:12:53.702 [main] INFO  ServletWebServerApplicationContext -prepareWebApplicationContext   - Root WebApplicationContext: initialization completed in 1496 ms

22:12:53.903 [main] INFO  HikariDataSource -getConnection   - HikariPool-1 - Starting...

22:12:53.992 [main] INFO  HikariDataSource -getConnection   - HikariPool-1 - Start completed.

22:12:54.054 [main] INFO  LogHelper -logPersistenceUnitInformation   - HHH000204: Processing PersistenceUnitInfo [name: default]

22:12:54.120 [main] INFO  Version -logVersion   - HHH000412: Hibernate ORM core version 5.6.11.Final

22:12:54.551 [main] INFO  Version -<clinit>   - HCANN000001: Hibernate Commons Annotations {5.1.2.Final}

22:12:54.700 [main] INFO  Dialect -<init>   - HHH000400: Using dialect: org.hibernate.dialect.MariaDB106Dialect

22:12:55.429 [main] INFO  JtaPlatformInitiator -initiateService   - HHH000490: Using JtaPlatform implementation: [org.hibernate.engine.transaction.jta.platform.internal.NoJtaPlatform]

22:12:55.437 [main] INFO  LocalContainerEntityManagerFactoryBean -buildNativeEntityManagerFactory   - Initialized JPA EntityManagerFactory for persistence unit 'default'

22:12:55.941 [main] WARN  JpaBaseConfiguration$JpaWebConfiguration -openEntityManagerInViewInterceptor   - spring.jpa.open-in-view is enabled by default. Therefore, database queries may be performed during view rendering. Explicitly configure spring.jpa.open-in-view to disable this warning

22:12:56.279 [main] INFO  Http11NioProtocol -log   - Starting ProtocolHandler ["http-nio-8080"]

22:12:56.298 [main] INFO  TomcatWebServer -start   - Tomcat started on port(s): 8080 (http) with context path ''

22:12:56.466 [main] INFO  Spring3Application -logStarted   - Started Spring3Application in 4.778 seconds (JVM running for 5.462)

22:12:57.627 [http-nio-8080-exec-1] INFO  [/] -log   - Initializing Spring DispatcherServlet 'dispatcherServlet'

22:12:57.627 [http-nio-8080-exec-1] INFO  DispatcherServlet -initServletBean   - Initializing Servlet 'dispatcherServlet'

22:12:57.629 [http-nio-8080-exec-1] INFO  DispatcherServlet -initServletBean   - Completed initialization in 0 ms

22:12:57.760 [http-nio-8080-exec-1] INFO  Sender -readTransfer   - readTransfer()

22:12:57.778 [org.springframework.jms.JmsListenerEndpointContainer#0-1] INFO  Receiver -receiveFromRequest   - Message received from request	[/find/Dynamic] queue---


22:12:57.778 [org.springframework.jms.JmsListenerEndpointContainer#0-1] INFO  Receiver -receiveFromRequest   - request	[/find/Dynamic] : processing....


