HHH000490: Using JtaPlatform implementation: [org.hibernate.engine.transaction.jta.platform.internal.NoJtaPlatform]
Initialized JPA EntityManagerFactory for persistence unit 'default'
spring.jpa.open-in-view is enabled by default. Therefore, database queries may be performed during view rendering. Explicitly configure spring.jpa.open-in-view to disable this warning
Starting ProtocolHandler ["http-nio-8080"]
Tomcat started on port(s): 8080 (http) with context path ''
Started Spring3Application in 4.669 seconds (JVM running for 5.779)
Initializing Spring DispatcherServlet 'dispatcherServlet'
Initializing Servlet 'dispatcherServlet'
Completed initialization in 1 ms
readTransfer()
Message received from request	[/find/Dynamic] queue---

request	[/find/Dynamic] : processing....

Message received from response queue---
{
  "mgniList" : [ {
    "id" : "MGI20221018142309428",
    "time" : "2022-10-18 14:23:09",
    "type" : "1",
    "cmNo" : "MQ",
    "kacType" : "1",
    "bankNo" : "123",
    "ccy" : "USD",
    "pvType" : "1",
    "bicaccNo" : "2200546",
    "amt" : 16666.0000,
    "ctName" : "Echo",
    "ctTel" : "0987654321",
    "status" : "0",
    "cashiList" : [ {
      "mgniId" : "MGI20221018142309428",
      "accNo" : "001",
      "ccy" : "USD",
      "amt" : 1.0000
    }, {
      "mgniId" : "MGI20221018142309428",
      "accNo" : "002",
      "ccy" : "USD",
      "amt" : 9999.0000
    }, {
      "mgniId" : "MGI20221018142309428",
      "accNo" : "003",
      "ccy" : "USD",
      "amt" : 6666.0000
    } ],
    "itype" : "",
    "preason" : "test",
    "utime" : "2022-10-19 15:45:01"
  } ],
  "message" : "read success"
}
createTransfer()
Message received from request	[/create] queue---

request	[/create] : processing....

Message received from response queue---
{
  "mgni" : {
    "id" : "MGI20221020143344057",
    "time" : "2022-10-20 14:33:44",
    "type" : "1",
    "cmNo" : "MQ",
    "kacType" : "1",
    "bankNo" : "123",
    "ccy" : "USD",
    "pvType" : "1",
    "bicaccNo" : "87",
    "amt" : 20230546.00,
    "ctName" : "Echo",
    "ctTel" : "0987654321",
    "status" : "0",
    "cashiList" : [ {
      "mgniId" : "MGI20221020143344057",
      "accNo" : "007",
      "ccy" : "USD",
      "amt" : 9527.00
    }, {
      "mgniId" : "MGI20221020143344057",
      "accNo" : "66",
      "ccy" : "USD",
      "amt" : 20221019.00
    } ],
    "itype" : "",
    "preason" : "test",
    "utime" : "2022-10-20 14:33:44"
  },
  "message" : "create success"
}
queue://response
updateTransfer()
Message received from request	[/update] queue---

request	[/update] : processing....

Message received from response queue---
{
  "mgni" : {
    "id" : "MGI20221018142309428",
    "time" : "2022-10-18 14:23:09",
    "type" : "1",
    "cmNo" : "MQ",
    "kacType" : "1",
    "bankNo" : "123",
    "ccy" : "USD",
    "pvType" : "1",
    "bicaccNo" : "2200546",
    "amt" : 16666.00,
    "ctName" : "Echo",
    "ctTel" : "0987654321",
    "status" : "0",
    "cashiList" : [ {
      "mgniId" : "MGI20221018142309428",
      "accNo" : "001",
      "ccy" : "USD",
      "amt" : 1.00
    }, {
      "mgniId" : "MGI20221018142309428",
      "accNo" : "002",
      "ccy" : "USD",
      "amt" : 9999.00
    }, {
      "mgniId" : "MGI20221018142309428",
      "accNo" : "003",
      "ccy" : "USD",
      "amt" : 6666.00
    } ],
    "itype" : "",
    "preason" : "test",
    "utime" : "2022-10-20 14:33:47"
  },
  "message" : "update success"
}
queue://response
getAllTransfer()
Message received from request	[/find/All] queue---

request	[/find/All] : processing....

Message received from response queue---
{
  "mgniList" : [ {
    "id" : "MGI20221017170559021",
    "time" : "2022-10-17 17:05:59",
    "type" : "1",
    "cmNo" : "MQ",
    "kacType" : "1",
    "bankNo" : "123",
    "ccy" : "TWD",
    "pvType" : "1",
    "bicaccNo" : "2200546",
    "amt" : 20222461.0000,
    "ctName" : "Echo",
    "ctTel" : "0987654321",
    "status" : "0",
    "cashiList" : [ {
      "mgniId" : "MGI20221017170559021",
      "accNo" : "002",
      "ccy" : "TWD",
      "amt" : 20221016.0000
    }, {
      "mgniId" : "MGI20221017170559021",
      "accNo" : "01",
      "ccy" : "TWD",
      "amt" : 1445.0000
    } ],
    "itype" : "",
    "preason" : "test",
    "utime" : "2022-10-17 17:05:59"
  }, {
    "id" : "MGI20221018142242912",
    "time" : "2022-10-18 14:22:42",
    "type" : "1",
    "cmNo" : "MQ",
    "kacType" : "2",
    "bankNo" : "123",
    "ccy" : "TWD",
    "pvType" : "1",
    "bicaccNo" : "2200546",
    "amt" : 20221018.0000,
    "ctName" : "Echo",
    "ctTel" : "0987654321",
    "status" : "0",
    "cashiList" : [ {
      "mgniId" : "MGI20221018142242912",
      "accNo" : "007",
      "ccy" : "TWD",
      "amt" : 20221018.0000
    }, {
      "mgniId" : "MGI20221018142242912",
      "accNo" : "03",
      "ccy" : "TWD",
      "amt" : 2000.0000
    }, {
      "mgniId" : "MGI20221018142242912",
      "accNo" : "04",
      "ccy" : "TWD",
      "amt" : 666666.0000
    }, {
      "mgniId" : "MGI20221018142242912",
      "accNo" : "05",
      "ccy" : "TWD",
      "amt" : 3000.0000
    } ],
    "itype" : "",
    "preason" : "test",
    "utime" : "2022-10-18 14:22:42"
  }, {
    "id" : "MGI20221018142309428",
    "time" : "2022-10-18 14:23:09",
    "type" : "1",
    "cmNo" : "MQ",
    "kacType" : "1",
    "bankNo" : "123",
    "ccy" : "USD",
    "pvType" : "1",
    "bicaccNo" : "2200546",
    "amt" : 16666.0000,
    "ctName" : "Echo",
    "ctTel" : "0987654321",
    "status" : "0",
    "cashiList" : [ {
      "mgniId" : "MGI20221018142309428",
      "accNo" : "001",
      "ccy" : "USD",
      "amt" : 1.0000
    }, {
      "mgniId" : "MGI20221018142309428",
      "accNo" : "002",
      "ccy" : "USD",
      "amt" : 9999.0000
    }, {
      "mgniId" : "MGI20221018142309428",
      "accNo" : "003",
      "ccy" : "USD",
      "amt" : 6666.0000
    } ],
    "itype" : "",
    "preason" : "test",
    "utime" : "2022-10-20 14:33:47"
  }, {
    "id" : "MGI20221018142400707",
    "time" : "2022-10-18 14:24:00",
    "type" : "1",
    "cmNo" : "MQ",
    "kacType" : "1",
    "bankNo" : "123",
    "ccy" : "USD",
    "pvType" : "1",
    "bicaccNo" : "2200546",
    "amt" : 16666.0000,
    "ctName" : "Echo",
    "ctTel" : "0987654321",
    "status" : "0",
    "cashiList" : [ {
      "mgniId" : "MGI20221018142400707",
      "accNo" : "001",
      "ccy" : "USD",
      "amt" : 1.0000
    }, {
      "mgniId" : "MGI20221018142400707",
      "accNo" : "002",
      "ccy" : "USD",
      "amt" : 9999.0000
    }, {
      "mgniId" : "MGI20221018142400707",
      "accNo" : "003",
      "ccy" : "USD",
      "amt" : 6666.0000
    } ],
    "itype" : "",
    "preason" : "test",
    "utime" : "2022-10-19 10:56:20"
  }, {
    "id" : "MGI20221018153810804",
    "time" : "2022-10-18 15:38:10",
    "type" : "1",
    "cmNo" : "F62S",
    "kacType" : "1",
    "bankNo" : "999",
    "ccy" : "TWD",
    "pvType" : "1",
    "bicaccNo" : "1234567",
    "amt" : 20221683.0000,
    "ctName" : "Echo",
    "ctTel" : "0958952199",
    "status" : "0",
    "cashiList" : [ {
      "mgniId" : "MGI20221018153810804",
      "accNo" : "01",
      "ccy" : "TWD",
      "amt" : 666.0000
    }, {
      "mgniId" : "MGI20221018153810804",
      "accNo" : "02",
      "ccy" : "TWD",
      "amt" : 20221017.0000
    } ],
    "itype" : "1",
    "preason" : "test jdbc",
    "utime" : "2022-10-18 15:38:10"
  }, {
    "id" : "MGI20221019102658805",
    "time" : "2022-10-19 10:26:58",
    "type" : "1",
    "cmNo" : "JDBC",
    "kacType" : "1",
    "bankNo" : "999",
    "ccy" : "TWD",
    "pvType" : "1",
    "bicaccNo" : "1234567",
    "amt" : 20221683.0000,
    "ctName" : "Echo",
    "ctTel" : "0987654321",
    "status" : "0",
    "cashiList" : [ {
      "mgniId" : "MGI20221019102658805",
      "accNo" : "01",
      "ccy" : "TWD",
      "amt" : 666.0000
    }, {
      "mgniId" : "MGI20221019102658805",
      "accNo" : "02",
      "ccy" : "TWD",
      "amt" : 20221017.0000
    } ],
    "itype" : "1",
    "preason" : "test jdbc",
    "utime" : "2022-10-19 10:26:58"
  }, {
    "id" : "MGI20221019133417115",
    "time" : "2022-10-19 13:34:17",
    "type" : "1",
    "cmNo" : "MQ",
    "kacType" : "1",
    "bankNo" : "123",
    "ccy" : "USD",
    "pvType" : "1",
    "bicaccNo" : "87",
    "amt" : 20230546.0000,
    "ctName" : "Echo",
    "ctTel" : "0987654321",
    "status" : "0",
    "cashiList" : [ {
      "mgniId" : "MGI20221019133417115",
      "accNo" : "007",
      "ccy" : "USD",
      "amt" : 9527.0000
    }, {
      "mgniId" : "MGI20221019133417115",
      "accNo" : "66",
      "ccy" : "USD",
      "amt" : 20221019.0000
    } ],
    "itype" : "",
    "preason" : "test",
    "utime" : "2022-10-19 13:34:17"
  }, {
    "id" : "MGI20221019133447186",
    "time" : "2022-10-19 13:34:47",
    "type" : "1",
    "cmNo" : "MQ",
    "kacType" : "1",
    "bankNo" : "123",
    "ccy" : "USD",
    "pvType" : "1",
    "bicaccNo" : "87",
    "amt" : 20230546.0000,
    "ctName" : "Echo",
    "ctTel" : "0987654321",
    "status" : "0",
    "cashiList" : [ {
      "mgniId" : "MGI20221019133447186",
      "accNo" : "007",
      "ccy" : "USD",
      "amt" : 9527.0000
    }, {
      "mgniId" : "MGI20221019133447186",
      "accNo" : "66",
      "ccy" : "USD",
      "amt" : 20221019.0000
    } ],
    "itype" : "",
    "preason" : "test",
    "utime" : "2022-10-19 13:34:47"
  }, {
    "id" : "MGI20221019133600012",
    "time" : "2022-10-19 13:36:00",
    "type" : "1",
    "cmNo" : "MQ",
    "kacType" : "1",
    "bankNo" : "123",
    "ccy" : "USD",
    "pvType" : "1",
    "bicaccNo" : "87",
    "amt" : 20230546.0000,
    "ctName" : "Echo",
    "ctTel" : "0987654321",
    "status" : "0",
    "cashiList" : [ {
      "mgniId" : "MGI20221019133600012",
      "accNo" : "007",
      "ccy" : "USD",
      "amt" : 9527.0000
    }, {
      "mgniId" : "MGI20221019133600012",
      "accNo" : "66",
      "ccy" : "USD",
      "amt" : 20221019.0000
    } ],
    "itype" : "",
    "preason" : "test",
    "utime" : "2022-10-19 13:36:00"
  }, {
    "id" : "MGI20221019154256496",
    "time" : "2022-10-19 15:42:56",
    "type" : "1",
    "cmNo" : "MQ",
    "kacType" : "1",
    "bankNo" : "123",
    "ccy" : "USD",
    "pvType" : "1",
    "bicaccNo" : "87",
    "amt" : 20230546.0000,
    "ctName" : "Echo",
    "ctTel" : "0987654321",
    "status" : "0",
    "cashiList" : [ {
      "mgniId" : "MGI20221019154256496",
      "accNo" : "007",
      "ccy" : "USD",
      "amt" : 9527.0000
    }, {
      "mgniId" : "MGI20221019154256496",
      "accNo" : "66",
      "ccy" : "USD",
      "amt" : 20221019.0000
    } ],
    "itype" : "",
    "preason" : "test",
    "utime" : "2022-10-19 15:42:56"
  }, {
    "id" : "MGI20221019154404313",
    "time" : "2022-10-19 15:44:04",
    "type" : "1",
    "cmNo" : "MQ",
    "kacType" : "1",
    "bankNo" : "123",
    "ccy" : "USD",
    "pvType" : "1",
    "bicaccNo" : "87",
    "amt" : 20230546.0000,
    "ctName" : "Echo",
    "ctTel" : "0987654321",
    "status" : "0",
    "cashiList" : [ {
      "mgniId" : "MGI20221019154404313",
      "accNo" : "007",
      "ccy" : "USD",
      "amt" : 9527.0000
    }, {
      "mgniId" : "MGI20221019154404313",
      "accNo" : "66",
      "ccy" : "USD",
      "amt" : 20221019.0000
    } ],
    "itype" : "",
    "preason" : "test",
    "utime" : "2022-10-19 15:44:04"
  }, {
    "id" : "MGI20221019163611536",
    "time" : "2022-10-19 16:36:11",
    "type" : "1",
    "cmNo" : "JDBC",
    "kacType" : "1",
    "bankNo" : "999",
    "ccy" : "TWD",
    "pvType" : "1",
    "bicaccNo" : "1234567",
    "amt" : 20221683.0000,
    "ctName" : "Echo",
    "ctTel" : "0987654321",
    "status" : "0",
    "cashiList" : [ {
      "mgniId" : "MGI20221019163611536",
      "accNo" : "01",
      "ccy" : "TWD",
      "amt" : 666.0000
    }, {
      "mgniId" : "MGI20221019163611536",
      "accNo" : "02",
      "ccy" : "TWD",
      "amt" : 20221017.0000
    } ],
    "itype" : "1",
    "preason" : "test jdbc",
    "utime" : "2022-10-19 16:36:11"
  }, {
    "id" : "MGI20221019165913374",
    "time" : "2022-10-19 16:59:13",
    "type" : "1",
    "cmNo" : "JDBC",
    "kacType" : "1",
    "bankNo" : "999",
    "ccy" : "TWD",
    "pvType" : "1",
    "bicaccNo" : "1234567",
    "amt" : 20221683.0000,
    "ctName" : "Echo",
    "ctTel" : "0987654321",
    "status" : "0",
    "cashiList" : [ {
      "mgniId" : "MGI20221019165913374",
      "accNo" : "01",
      "ccy" : "TWD",
      "amt" : 666.0000
    }, {
      "mgniId" : "MGI20221019165913374",
      "accNo" : "02",
      "ccy" : "TWD",
      "amt" : 20221017.0000
    } ],
    "itype" : "1",
    "preason" : "test jdbc",
    "utime" : "2022-10-19 16:59:13"
  }, {
    "id" : "MGI20221019170035540",
    "time" : "2022-10-19 17:00:35",
    "type" : "1",
    "cmNo" : "JDBC",
    "kacType" : "1",
    "bankNo" : "999",
    "ccy" : "TWD",
    "pvType" : "1",
    "bicaccNo" : "1234567",
    "amt" : 20221683.0000,
    "ctName" : "Echo",
    "ctTel" : "0987654321",
    "status" : "0",
    "cashiList" : [ {
      "mgniId" : "MGI20221019170035540",
      "accNo" : "01",
      "ccy" : "TWD",
      "amt" : 666.0000
    }, {
      "mgniId" : "MGI20221019170035540",
      "accNo" : "02",
      "ccy" : "TWD",
      "amt" : 20221017.0000
    } ],
    "itype" : "1",
    "preason" : "test jdbc",
    "utime" : "2022-10-19 17:00:35"
  }, {
    "id" : "MGI20221019170129022",
    "time" : "2022-10-19 17:01:29",
    "type" : "1",
    "cmNo" : "JDBC",
    "kacType" : "1",
    "bankNo" : "999",
    "ccy" : "TWD",
    "pvType" : "1",
    "bicaccNo" : "1234567",
    "amt" : 20221683.0000,
    "ctName" : "Echo",
    "ctTel" : "0987654321",
    "status" : "0",
    "cashiList" : [ {
      "mgniId" : "MGI20221019170129022",
      "accNo" : "01",
      "ccy" : "TWD",
      "amt" : 666.0000
    }, {
      "mgniId" : "MGI20221019170129022",
      "accNo" : "02",
      "ccy" : "TWD",
      "amt" : 20221017.0000
    } ],
    "itype" : "1",
    "preason" : "test jdbc",
    "utime" : "2022-10-19 17:01:29"
  }, {
    "id" : "MGI20221019170510651",
    "time" : "2022-10-19 17:05:10",
    "type" : "1",
    "cmNo" : "JDBC",
    "kacType" : "1",
    "bankNo" : "999",
    "ccy" : "TWD",
    "pvType" : "1",
    "bicaccNo" : "1234567",
    "amt" : 20221683.0000,
    "ctName" : "Echo",
    "ctTel" : "0987654321",
    "status" : "0",
    "cashiList" : [ {
      "mgniId" : "MGI20221019170510651",
      "accNo" : "01",
      "ccy" : "TWD",
      "amt" : 666.0000
    }, {
      "mgniId" : "MGI20221019170510651",
      "accNo" : "02",
      "ccy" : "TWD",
      "amt" : 20221017.0000
    }, {
      "mgniId" : "MGI20221019170510651",
      "accNo" : "03",
      "ccy" : "TWD",
      "amt" : 2000.0000
    }, {
      "mgniId" : "MGI20221019170510651",
      "accNo" : "04",
      "ccy" : "TWD",
      "amt" : 666666.0000
    }, {
      "mgniId" : "MGI20221019170510651",
      "accNo" : "05",
      "ccy" : "TWD",
      "amt" : 3000.0000
    } ],
    "itype" : "1",
    "preason" : "test jdbc",
    "utime" : "2022-10-19 17:05:10"
  }, {
    "id" : "MGI20221019170745458",
    "time" : "2022-10-19 17:07:45",
    "type" : "1",
    "cmNo" : "JDBC",
    "kacType" : "1",
    "bankNo" : "999",
    "ccy" : "TWD",
    "pvType" : "1",
    "bicaccNo" : "1234567",
    "amt" : 20221683.0000,
    "ctName" : "Echo",
    "ctTel" : "0987654321",
    "status" : "0",
    "cashiList" : [ {
      "mgniId" : "MGI20221019170745458",
      "accNo" : "01",
      "ccy" : "TWD",
      "amt" : 666.0000
    }, {
      "mgniId" : "MGI20221019170745458",
      "accNo" : "02",
      "ccy" : "TWD",
      "amt" : 20221017.0000
    } ],
    "itype" : "1",
    "preason" : "test jdbc",
    "utime" : "2022-10-19 17:07:45"
  }, {
    "id" : "MGI20221019171236102",
    "time" : "2022-10-19 17:12:36",
    "type" : "1",
    "cmNo" : "JDBC",
    "kacType" : "1",
    "bankNo" : "999",
    "ccy" : "TWD",
    "pvType" : "1",
    "bicaccNo" : "1234567",
    "amt" : 20221683.0000,
    "ctName" : "Echo",
    "ctTel" : "0987654321",
    "status" : "0",
    "cashiList" : [ {
      "mgniId" : "MGI20221019171236102",
      "accNo" : "01",
      "ccy" : "TWD",
      "amt" : 666.0000
    }, {
      "mgniId" : "MGI20221019171236102",
      "accNo" : "02",
      "ccy" : "TWD",
      "amt" : 20221017.0000
    } ],
    "itype" : "1",
    "preason" : "test jdbc",
    "utime" : "2022-10-19 17:12:36"
  }, {
    "id" : "MGI20221019171858883",
    "time" : "2022-10-19 17:18:58",
    "type" : "1",
    "cmNo" : "JDBC",
    "kacType" : "1",
    "bankNo" : "999",
    "ccy" : "TWD",
    "pvType" : "1",
    "bicaccNo" : "1234567",
    "amt" : 20221683.0000,
    "ctName" : "Echo",
    "ctTel" : "0987654321",
    "status" : "0",
    "cashiList" : [ {
      "mgniId" : "MGI20221019171858883",
      "accNo" : "01",
      "ccy" : "TWD",
      "amt" : 666.0000
    }, {
      "mgniId" : "MGI20221019171858883",
      "accNo" : "02",
      "ccy" : "TWD",
      "amt" : 20221017.0000
    } ],
    "itype" : "1",
    "preason" : "test jdbc",
    "utime" : "2022-10-19 17:18:58"
  }, {
    "id" : "MGI20221019172055833",
    "time" : "2022-10-19 17:20:55",
    "type" : "1",
    "cmNo" : "JDBC",
    "kacType" : "1",
    "bankNo" : "999",
    "ccy" : "TWD",
    "pvType" : "1",
    "bicaccNo" : "1234567",
    "amt" : 20221683.0000,
    "ctName" : "Echo",
    "ctTel" : "0987654321",
    "status" : "0",
    "cashiList" : [ {
      "mgniId" : "MGI20221019172055833",
      "accNo" : "01",
      "ccy" : "TWD",
      "amt" : 666.0000
    }, {
      "mgniId" : "MGI20221019172055833",
      "accNo" : "02",
      "ccy" : "TWD",
      "amt" : 20221017.0000
    } ],
    "itype" : "1",
    "preason" : "test jdbc",
    "utime" : "2022-10-19 17:20:55"
  }, {
    "id" : "MGI20221019172258124",
    "time" : "2022-10-19 17:22:58",
    "type" : "1",
    "cmNo" : "JDBC",
    "kacType" : "1",
    "bankNo" : "999",
    "ccy" : "TWD",
    "pvType" : "1",
    "bicaccNo" : "1234567",
    "amt" : 20221683.0000,
    "ctName" : "Echo",
    "ctTel" : "0987654321",
    "status" : "0",
    "cashiList" : [ {
      "mgniId" : "MGI20221019172258124",
      "accNo" : "01",
      "ccy" : "TWD",
      "amt" : 666.0000
    }, {
      "mgniId" : "MGI20221019172258124",
      "accNo" : "02",
      "ccy" : "TWD",
      "amt" : 20221017.0000
    } ],
    "itype" : "1",
    "preason" : "test jdbc",
    "utime" : "2022-10-19 17:22:58"
  }, {
    "id" : "MGI20221019173408031",
    "time" : "2022-10-19 17:34:08",
    "type" : "1",
    "cmNo" : "JDBC",
    "kacType" : "1",
    "bankNo" : "999",
    "ccy" : "TWD",
    "pvType" : "1",
    "bicaccNo" : "1234567",
    "amt" : 20221683.0000,
    "ctName" : "Echo",
    "ctTel" : "0987654321",
    "status" : "0",
    "cashiList" : [ {
      "mgniId" : "MGI20221019173408031",
      "accNo" : "01",
      "ccy" : "TWD",
      "amt" : 666.0000
    }, {
      "mgniId" : "MGI20221019173408031",
      "accNo" : "02",
      "ccy" : "TWD",
      "amt" : 20221017.0000
    } ],
    "itype" : "1",
    "preason" : "test jdbc",
    "utime" : "2022-10-19 17:34:08"
  }, {
    "id" : "MGI20221019173843402",
    "time" : "2022-10-19 17:38:43",
    "type" : "1",
    "cmNo" : "JDBC",
    "kacType" : "1",
    "bankNo" : "999",
    "ccy" : "TWD",
    "pvType" : "1",
    "bicaccNo" : "1234567",
    "amt" : 20221683.0000,
    "ctName" : "Echo",
    "ctTel" : "0987654321",
    "status" : "0",
    "cashiList" : [ {
      "mgniId" : "MGI20221019173843402",
      "accNo" : "01",
      "ccy" : "TWD",
      "amt" : 666.0000
    }, {
      "mgniId" : "MGI20221019173843402",
      "accNo" : "02",
      "ccy" : "TWD",
      "amt" : 20221017.0000
    } ],
    "itype" : "1",
    "preason" : "test jdbc",
    "utime" : "2022-10-19 17:38:43"
  }, {
    "id" : "MGI20221019174059967",
    "time" : "2022-10-19 17:40:59",
    "type" : "1",
    "cmNo" : "JDBC",
    "kacType" : "1",
    "bankNo" : "999",
    "ccy" : "TWD",
    "pvType" : "1",
    "bicaccNo" : "1234567",
    "amt" : 20221683.0000,
    "ctName" : "Echo",
    "ctTel" : "0987654321",
    "status" : "0",
    "cashiList" : [ {
      "mgniId" : "MGI20221019174059967",
      "accNo" : "01",
      "ccy" : "TWD",
      "amt" : 666.0000
    }, {
      "mgniId" : "MGI20221019174059967",
      "accNo" : "02",
      "ccy" : "TWD",
      "amt" : 20221017.0000
    } ],
    "itype" : "1",
    "preason" : "test jdbc",
    "utime" : "2022-10-19 17:40:59"
  }, {
    "id" : "MGI20221019174340875",
    "time" : "2022-10-19 17:43:40",
    "type" : "1",
    "cmNo" : "JDBC",
    "kacType" : "1",
    "bankNo" : "999",
    "ccy" : "TWD",
    "pvType" : "1",
    "bicaccNo" : "1234567",
    "amt" : 20221683.0000,
    "ctName" : "Echo",
    "ctTel" : "0987654321",
    "status" : "0",
    "cashiList" : [ {
      "mgniId" : "MGI20221019174340875",
      "accNo" : "01",
      "ccy" : "TWD",
      "amt" : 666.0000
    }, {
      "mgniId" : "MGI20221019174340875",
      "accNo" : "02",
      "ccy" : "TWD",
      "amt" : 20221017.0000
    } ],
    "itype" : "1",
    "preason" : "test jdbc",
    "utime" : "2022-10-19 17:43:40"
  }, {
    "id" : "MGI20221019174730482",
    "time" : "2022-10-19 17:47:30",
    "type" : "1",
    "cmNo" : "JDBC",
    "kacType" : "1",
    "bankNo" : "999",
    "ccy" : "TWD",
    "pvType" : "1",
    "bicaccNo" : "1234567",
    "amt" : 20221683.0000,
    "ctName" : "Echo",
    "ctTel" : "0987654321",
    "status" : "0",
    "cashiList" : [ {
      "mgniId" : "MGI20221019174730482",
      "accNo" : "01",
      "ccy" : "TWD",
      "amt" : 666.0000
    }, {
      "mgniId" : "MGI20221019174730482",
      "accNo" : "02",
      "ccy" : "TWD",
      "amt" : 20221017.0000
    } ],
    "itype" : "1",
    "preason" : "test jdbc",
    "utime" : "2022-10-19 17:47:30"
  }, {
    "id" : "MGI20221019175216256",
    "time" : "2022-10-19 17:52:16",
    "type" : "1",
    "cmNo" : "JDBC",
    "kacType" : "1",
    "bankNo" : "999",
    "ccy" : "TWD",
    "pvType" : "1",
    "bicaccNo" : "1234567",
    "amt" : 20221683.0000,
    "ctName" : "Echo",
    "ctTel" : "0987654321",
    "status" : "0",
    "cashiList" : [ {
      "mgniId" : "MGI20221019175216256",
      "accNo" : "01",
      "ccy" : "TWD",
      "amt" : 666.0000
    }, {
      "mgniId" : "MGI20221019175216256",
      "accNo" : "02",
      "ccy" : "TWD",
      "amt" : 20221017.0000
    } ],
    "itype" : "1",
    "preason" : "test jdbc",
    "utime" : "2022-10-19 17:52:16"
  }, {
    "id" : "MGI20221019175533191",
    "time" : "2022-10-19 17:55:33",
    "type" : "1",
    "cmNo" : "JDBC",
    "kacType" : "1",
    "bankNo" : "999",
    "ccy" : "TWD",
    "pvType" : "1",
    "bicaccNo" : "1234567",
    "amt" : 20221683.0000,
    "ctName" : "Echo",
    "ctTel" : "0987654321",
    "status" : "0",
    "cashiList" : [ {
      "mgniId" : "MGI20221019175533191",
      "accNo" : "01",
      "ccy" : "TWD",
      "amt" : 666.0000
    }, {
      "mgniId" : "MGI20221019175533191",
      "accNo" : "02",
      "ccy" : "TWD",
      "amt" : 20221017.0000
    } ],
    "itype" : "1",
    "preason" : "test jdbc",
    "utime" : "2022-10-19 17:55:33"
  }, {
    "id" : "MGI20221019175534284",
    "time" : "2022-10-19 17:55:34",
    "type" : "1",
    "cmNo" : "JDBC",
    "kacType" : "1",
    "bankNo" : "999",
    "ccy" : "TWD",
    "pvType" : "1",
    "bicaccNo" : "1234567",
    "amt" : 20221683.0000,
    "ctName" : "Echo",
    "ctTel" : "0987654321",
    "status" : "0",
    "cashiList" : [ {
      "mgniId" : "MGI20221019175534284",
      "accNo" : "01",
      "ccy" : "TWD",
      "amt" : 666.0000
    }, {
      "mgniId" : "MGI20221019175534284",
      "accNo" : "02",
      "ccy" : "TWD",
      "amt" : 20221017.0000
    } ],
    "itype" : "1",
    "preason" : "test jdbc",
    "utime" : "2022-10-19 17:55:34"
  }, {
    "id" : "MGI20221019180632170",
    "time" : "2022-10-19 18:06:32",
    "type" : "1",
    "cmNo" : "JDBC",
    "kacType" : "1",
    "bankNo" : "999",
    "ccy" : "TWD",
    "pvType" : "1",
    "bicaccNo" : "1234567",
    "amt" : 20221683.0000,
    "ctName" : "Echo",
    "ctTel" : "0987654321",
    "status" : "0",
    "cashiList" : [ {
      "mgniId" : "MGI20221019180632170",
      "accNo" : "01",
      "ccy" : "TWD",
      "amt" : 666.0000
    }, {
      "mgniId" : "MGI20221019180632170",
      "accNo" : "02",
      "ccy" : "TWD",
      "amt" : 20221017.0000
    } ],
    "itype" : "1",
    "preason" : "test jdbc",
    "utime" : "2022-10-19 18:06:32"
  }, {
    "id" : "MGI20221020093429599",
    "time" : "2022-10-20 09:34:29",
    "type" : "1",
    "cmNo" : "JDBC",
    "kacType" : "1",
    "bankNo" : "999",
    "ccy" : "TWD",
    "pvType" : "1",
    "bicaccNo" : "1234567",
    "amt" : 20221683.0000,
    "ctName" : "Echo",
    "ctTel" : "0987654321",
    "status" : "0",
    "cashiList" : [ {
      "mgniId" : "MGI20221020093429599",
      "accNo" : "01",
      "ccy" : "TWD",
      "amt" : 666.0000
    }, {
      "mgniId" : "MGI20221020093429599",
      "accNo" : "02",
      "ccy" : "TWD",
      "amt" : 20221017.0000
    } ],
    "itype" : "1",
    "preason" : "test jdbc",
    "utime" : "2022-10-20 09:34:29"
  }, {
    "id" : "MGI20221020093658834",
    "time" : "2022-10-20 09:36:58",
    "type" : "1",
    "cmNo" : "JDBC",
    "kacType" : "1",
    "bankNo" : "999",
    "ccy" : "TWD",
    "pvType" : "1",
    "bicaccNo" : "1234567",
    "amt" : 20221683.0000,
    "ctName" : "Echo",
    "ctTel" : "0987654321",
    "status" : "0",
    "cashiList" : [ {
      "mgniId" : "MGI20221020093658834",
      "accNo" : "01",
      "ccy" : "TWD",
      "amt" : 666.0000
    }, {
      "mgniId" : "MGI20221020093658834",
      "accNo" : "02",
      "ccy" : "TWD",
      "amt" : 20221017.0000
    } ],
    "itype" : "1",
    "preason" : "test jdbc",
    "utime" : "2022-10-20 09:36:58"
  }, {
    "id" : "MGI20221020093807498",
    "time" : "2022-10-20 09:38:07",
    "type" : "1",
    "cmNo" : "JDBC",
    "kacType" : "1",
    "bankNo" : "999",
    "ccy" : "TWD",
    "pvType" : "1",
    "bicaccNo" : "1234567",
    "amt" : 20221683.0000,
    "ctName" : "Echo",
    "ctTel" : "0987654321",
    "status" : "0",
    "cashiList" : [ {
      "mgniId" : "MGI20221020093807498",
      "accNo" : "01",
      "ccy" : "TWD",
      "amt" : 666.0000
    }, {
      "mgniId" : "MGI20221020093807498",
      "accNo" : "02",
      "ccy" : "TWD",
      "amt" : 20221017.0000
    } ],
    "itype" : "1",
    "preason" : "test jdbc",
    "utime" : "2022-10-20 09:38:07"
  }, {
    "id" : "MGI20221020143344057",
    "time" : "2022-10-20 14:33:44",
    "type" : "1",
    "cmNo" : "MQ",
    "kacType" : "1",
    "bankNo" : "123",
    "ccy" : "USD",
    "pvType" : "1",
    "bicaccNo" : "87",
    "amt" : 20230546.0000,
    "ctName" : "Echo",
    "ctTel" : "0987654321",
    "status" : "0",
    "cashiList" : [ {
      "mgniId" : "MGI20221020143344057",
      "accNo" : "007",
      "ccy" : "USD",
      "amt" : 9527.0000
    }, {
      "mgniId" : "MGI20221020143344057",
      "accNo" : "66",
      "ccy" : "USD",
      "amt" : 20221019.0000
    } ],
    "itype" : "",
    "preason" : "test",
    "utime" : "2022-10-20 14:33:44"
  } ],
  "message" : "read success"
}
queue://response
