Closing JPA EntityManagerFactory for persistence unit 'default'
HikariPool-1 - Shutdown initiated...
HikariPool-1 - Shutdown completed.
14:32:31.461 [background-preinit] INFO  Version -<clinit>   - HV000001: Hibernate Validator 6.2.5.Final

14:32:31.496 [main] INFO  Spring3Application -logStarting   - Starting Spring3Application using Java 11.0.16 on 22005461EchoLin with PID 13488 (C:\Git Repo\spring-3\target\classes started by 2200546 in C:\Git Repo\spring-3)

14:32:31.500 [main] INFO  Spring3Application -logStartupProfileInfo   - No active profile set, falling back to 1 default profile: "default"

14:32:32.455 [main] INFO  RepositoryConfigurationDelegate -registerRepositoriesIn   - Bootstrapping Spring Data JPA repositories in DEFAULT mode.

14:32:32.552 [main] INFO  RepositoryConfigurationDelegate -registerRepositoriesIn   - Finished Spring Data repository scanning in 84 ms. Found 2 JPA repository interfaces.

14:32:33.737 [main] INFO  TomcatWebServer -initialize   - Tomcat initialized with port(s): 8080 (http)

14:32:33.754 [main] INFO  Http11NioProtocol -log   - Initializing ProtocolHandler ["http-nio-8080"]

14:32:33.754 [main] INFO  StandardService -log   - Starting service [Tomcat]

14:32:33.755 [main] INFO  StandardEngine -log   - Starting Servlet engine: [Apache Tomcat/9.0.65]

14:32:33.911 [main] INFO  [/] -log   - Initializing Spring embedded WebApplicationContext

14:32:33.912 [main] INFO  ServletWebServerApplicationContext -prepareWebApplicationContext   - Root WebApplicationContext: initialization completed in 2373 ms

14:32:34.044 [main] INFO  HikariDataSource -getConnection   - HikariPool-1 - Starting...

14:32:34.139 [main] INFO  HikariDataSource -getConnection   - HikariPool-1 - Start completed.

14:32:34.193 [main] INFO  LogHelper -logPersistenceUnitInformation   - HHH000204: Processing PersistenceUnitInfo [name: default]

14:32:34.244 [main] INFO  Version -logVersion   - HHH000412: Hibernate ORM core version 5.6.11.Final

14:32:34.439 [main] INFO  Version -<clinit>   - HCANN000001: Hibernate Commons Annotations {5.1.2.Final}

14:32:34.558 [main] INFO  Dialect -<init>   - HHH000400: Using dialect: org.hibernate.dialect.MariaDB106Dialect

14:32:35.095 [main] INFO  JtaPlatformInitiator -initiateService   - HHH000490: Using JtaPlatform implementation: [org.hibernate.engine.transaction.jta.platform.internal.NoJtaPlatform]

14:32:35.103 [main] INFO  LocalContainerEntityManagerFactoryBean -buildNativeEntityManagerFactory   - Initialized JPA EntityManagerFactory for persistence unit 'default'

14:32:35.570 [main] WARN  JpaBaseConfiguration$JpaWebConfiguration -openEntityManagerInViewInterceptor   - spring.jpa.open-in-view is enabled by default. Therefore, database queries may be performed during view rendering. Explicitly configure spring.jpa.open-in-view to disable this warning

14:32:35.858 [main] INFO  Http11NioProtocol -log   - Starting ProtocolHandler ["http-nio-8080"]

14:32:35.880 [main] INFO  TomcatWebServer -start   - Tomcat started on port(s): 8080 (http) with context path ''

14:32:36.047 [main] INFO  Spring3Application -logStarted   - Started Spring3Application in 4.966 seconds (JVM running for 6.203)

14:32:52.619 [SpringApplicationShutdownHook] INFO  LocalContainerEntityManagerFactoryBean -destroy   - Closing JPA EntityManagerFactory for persistence unit 'default'

14:32:52.621 [SpringApplicationShutdownHook] INFO  HikariDataSource -close   - HikariPool-1 - Shutdown initiated...

14:32:52.628 [SpringApplicationShutdownHook] INFO  HikariDataSource -close   - HikariPool-1 - Shutdown completed.

