14:40:17.624 [background-preinit] INFO  Version -<clinit>   - HV000001: Hibernate Validator 6.2.5.Final

14:40:17.656 [main] INFO  Spring3Application -logStarting   - Starting Spring3Application using Java 11.0.16 on 22005461EchoLin with PID 6068 (C:\Git Repo\spring-3\target\classes started by 2200546 in C:\Git Repo\spring-3)

14:40:17.659 [main] INFO  Spring3Application -logStartupProfileInfo   - No active profile set, falling back to 1 default profile: "default"

14:40:18.239 [main] INFO  RepositoryConfigurationDelegate -registerRepositoriesIn   - Bootstrapping Spring Data JPA repositories in DEFAULT mode.

14:40:18.301 [main] INFO  RepositoryConfigurationDelegate -registerRepositoriesIn   - Finished Spring Data repository scanning in 55 ms. Found 2 JPA repository interfaces.

14:40:19.263 [main] INFO  TomcatWebServer -initialize   - Tomcat initialized with port(s): 8080 (http)

14:40:19.277 [main] INFO  Http11NioProtocol -log   - Initializing ProtocolHandler ["http-nio-8080"]

14:40:19.278 [main] INFO  StandardService -log   - Starting service [Tomcat]

14:40:19.279 [main] INFO  StandardEngine -log   - Starting Servlet engine: [Apache Tomcat/9.0.65]

14:40:19.501 [main] INFO  [/] -log   - Initializing Spring embedded WebApplicationContext

14:40:19.501 [main] INFO  ServletWebServerApplicationContext -prepareWebApplicationContext   - Root WebApplicationContext: initialization completed in 1808 ms

14:40:19.633 [main] INFO  HikariDataSource -getConnection   - HikariPool-1 - Starting...

14:40:19.698 [main] INFO  HikariDataSource -getConnection   - HikariPool-1 - Start completed.

14:40:19.744 [main] INFO  LogHelper -logPersistenceUnitInformation   - HHH000204: Processing PersistenceUnitInfo [name: default]

14:40:19.789 [main] INFO  Version -logVersion   - HHH000412: Hibernate ORM core version 5.6.11.Final

14:40:19.950 [main] INFO  Version -<clinit>   - HCANN000001: Hibernate Commons Annotations {5.1.2.Final}

14:40:20.069 [main] INFO  Dialect -<init>   - HHH000400: Using dialect: org.hibernate.dialect.MariaDB106Dialect

14:40:20.577 [main] INFO  JtaPlatformInitiator -initiateService   - HHH000490: Using JtaPlatform implementation: [org.hibernate.engine.transaction.jta.platform.internal.NoJtaPlatform]

14:40:20.583 [main] INFO  LocalContainerEntityManagerFactoryBean -buildNativeEntityManagerFactory   - Initialized JPA EntityManagerFactory for persistence unit 'default'

14:40:21.022 [main] WARN  JpaBaseConfiguration$JpaWebConfiguration -openEntityManagerInViewInterceptor   - spring.jpa.open-in-view is enabled by default. Therefore, database queries may be performed during view rendering. Explicitly configure spring.jpa.open-in-view to disable this warning

14:40:21.314 [main] INFO  Http11NioProtocol -log   - Starting ProtocolHandler ["http-nio-8080"]

14:40:21.338 [main] INFO  TomcatWebServer -start   - Tomcat started on port(s): 8080 (http) with context path ''

14:40:21.505 [main] INFO  Spring3Application -logStarted   - Started Spring3Application in 4.213 seconds (JVM running for 5.232)

