14:51:04.919 [background-preinit] INFO  Version -<clinit>   - HV000001: Hibernate Validator 6.2.5.Final

14:51:05.003 [main] INFO  SenderTest -logStarting   - Starting SenderTest using Java 11.0.16 on 22005461EchoLin with PID 19664 (started by 2200546 in C:\Git Repo\spring-3)

14:51:05.019 [main] INFO  SenderTest -logStartupProfileInfo   - No active profile set, falling back to 1 default profile: "default"

14:51:07.383 [main] INFO  RepositoryConfigurationDelegate -registerRepositoriesIn   - Bootstrapping Spring Data JPA repositories in DEFAULT mode.

14:51:07.657 [main] INFO  RepositoryConfigurationDelegate -registerRepositoriesIn   - Finished Spring Data repository scanning in 236 ms. Found 2 JPA repository interfaces.

14:51:15.320 [main] INFO  HikariDataSource -getConnection   - HikariPool-1 - Starting...

14:51:15.642 [main] INFO  HikariDataSource -getConnection   - HikariPool-1 - Start completed.

14:51:15.883 [main] INFO  LogHelper -logPersistenceUnitInformation   - HHH000204: Processing PersistenceUnitInfo [name: default]

14:51:16.134 [main] INFO  Version -logVersion   - HHH000412: Hibernate ORM core version 5.6.11.Final

14:51:16.323 [main] INFO  Version -<clinit>   - HCANN000001: Hibernate Commons Annotations {5.1.2.Final}

14:51:16.796 [main] INFO  Dialect -<init>   - HHH000400: Using dialect: org.hibernate.dialect.MariaDB106Dialect

14:51:19.073 [main] INFO  JtaPlatformInitiator -initiateService   - HHH000490: Using JtaPlatform implementation: [org.hibernate.engine.transaction.jta.platform.internal.NoJtaPlatform]

14:51:19.121 [main] INFO  LocalContainerEntityManagerFactoryBean -buildNativeEntityManagerFactory   - Initialized JPA EntityManagerFactory for persistence unit 'default'

14:51:20.554 [main] WARN  JpaBaseConfiguration$JpaWebConfiguration -openEntityManagerInViewInterceptor   - spring.jpa.open-in-view is enabled by default. Therefore, database queries may be performed during view rendering. Explicitly configure spring.jpa.open-in-view to disable this warning

14:51:24.196 [main] INFO  SenderTest -logStarted   - Started SenderTest in 20.383 seconds (JVM running for 25.935)

14:51:24.355 [main] INFO  MockServletContext -log   - Initializing Spring TestDispatcherServlet ''

14:51:24.361 [main] INFO  TestDispatcherServlet -initServletBean   - Initializing Servlet ''

14:51:24.365 [main] INFO  TestDispatcherServlet -initServletBean   - Completed initialization in 2 ms

14:51:25.208 [main] INFO  Sender -createTransfer   - createTransfer()

14:51:25.336 [org.springframework.jms.JmsListenerEndpointContainer#0-1] INFO  Receiver -receiveFromRequest   - Message received from request	[/create] queue---


14:51:25.338 [org.springframework.jms.JmsListenerEndpointContainer#0-1] INFO  Receiver -receiveFromRequest   - request	[/create] : processing....


14:51:25.393 [org.springframework.jms.JmsListenerEndpointContainer#1-1] INFO  Receiver -receiveFromResponse   - Message received from response queue---
{
  "mgni" : {
    "id" : "MGI2022010181020666",
    "time" : "2022-10-18 10:20:66",
    "type" : "1",
    "cmNo" : "F62S",
    "kacType" : "2",
    "bankNo" : "123",
    "ccy" : "USD",
    "pvType" : "1",
    "bicaccNo" : "2200546",
    "amt" : 20221014.0000,
    "ctName" : "Echo",
    "ctTel" : "0987654321",
    "status" : "0",
    "cashiList" : [ {
      "mgniId" : "MGI2022010181020666",
      "accNo" : "01",
      "ccy" : "USD",
      "amt" : 20221014.0000
    } ],
    "preason" : "test",
    "itype" : "1",
    "utime" : "2022-10-18 10:20:66"
  },
  "message" : "test Junit"
}

14:51:25.402 [main] INFO  Sender -createTransfer   - queue://response

14:51:25.484 [main] INFO  SenderTest -createTransfer   - expectedStr:
{"mgni":{"id":"MGI2022010181020666","time":"2022-10-18 10:20:66","type":"1","cmNo":"F62S","kacType":"2","bankNo":"123","ccy":"USD","pvType":"1","bicaccNo":"2200546","amt":20221014.0000,"ctName":"Echo","ctTel":"0987654321","status":"0","cashiList":[{"mgniId":"MGI2022010181020666","accNo":"01","ccy":"USD","amt":20221014.0000}],"preason":"test","itype":"1","utime":"2022-10-18 10:20:66"},"message":"test Junit"}

14:51:25.486 [main] INFO  SenderTest -createTransfer   - actual:
{"mgni":{"id":"MGI2022010181020666","time":"2022-10-18 10:20:66","type":"1","cmNo":"F62S","kacType":"2","bankNo":"123","ccy":"USD","pvType":"1","bicaccNo":"2200546","amt":20221014.0000,"ctName":"Echo","ctTel":"0987654321","status":"0","cashiList":[{"mgniId":"MGI2022010181020666","accNo":"01","ccy":"USD","amt":20221014.0000}],"preason":"test","itype":"1","utime":"2022-10-18 10:20:66"},"message":"test Junit"}

14:51:25.542 [main] INFO  MockServletContext -log   - Initializing Spring TestDispatcherServlet ''

14:51:25.543 [main] INFO  TestDispatcherServlet -initServletBean   - Initializing Servlet ''

14:51:25.544 [main] INFO  TestDispatcherServlet -initServletBean   - Completed initialization in 1 ms

14:51:25.595 [main] INFO  Sender -readTransfer   - readTransfer()

14:51:25.609 [org.springframework.jms.JmsListenerEndpointContainer#0-1] INFO  Receiver -receiveFromRequest   - Message received from request	[/find/Dynamic] queue---


14:51:25.609 [org.springframework.jms.JmsListenerEndpointContainer#0-1] INFO  Receiver -receiveFromRequest   - request	[/find/Dynamic] : processing....


14:51:25.658 [org.springframework.jms.JmsListenerEndpointContainer#1-1] INFO  Receiver -receiveFromResponse   - Message received from response queue---
{
  "mgniList" : [ {
    "id" : "MGI20220666666",
    "time" : "2022-10-14 10:03:11",
    "type" : "1",
    "cmNo" : "F62S",
    "kacType" : "2",
    "bankNo" : "123",
    "ccy" : "USD",
    "pvType" : "1",
    "bicaccNo" : "2200546",
    "amt" : 20221014.0000,
    "ctName" : "Echo",
    "ctTel" : "0987654321",
    "status" : "0",
    "cashiList" : [ {
      "mgniId" : "MGI20221014100311170",
      "accNo" : "01",
      "ccy" : "USD",
      "amt" : 20221014.0000
    } ],
    "preason" : "test",
    "itype" : "1",
    "utime" : "2022-10-14 10:03:11"
  } ],
  "message" : null
}

14:51:26.693 [SpringApplicationShutdownHook] INFO  LocalContainerEntityManagerFactoryBean -destroy   - Closing JPA EntityManagerFactory for persistence unit 'default'

14:51:26.697 [SpringApplicationShutdownHook] INFO  HikariDataSource -close   - HikariPool-1 - Shutdown initiated...

14:51:26.719 [SpringApplicationShutdownHook] INFO  HikariDataSource -close   - HikariPool-1 - Shutdown completed.

