14:53:00.371 [main] INFO  JtaPlatformInitiator -initiateService   - HHH000490: Using JtaPlatform implementation: [org.hibernate.engine.transaction.jta.platform.internal.NoJtaPlatform]

14:53:00.438 [main] INFO  LocalContainerEntityManagerFactoryBean -buildNativeEntityManagerFactory   - Initialized JPA EntityManagerFactory for persistence unit 'default'

14:53:01.950 [main] WARN  JpaBaseConfiguration$JpaWebConfiguration -openEntityManagerInViewInterceptor   - spring.jpa.open-in-view is enabled by default. Therefore, database queries may be performed during view rendering. Explicitly configure spring.jpa.open-in-view to disable this warning

14:53:05.253 [main] INFO  SenderTest -logStarted   - Started SenderTest in 19.391 seconds (JVM running for 25.199)

14:53:05.447 [main] INFO  MockServletContext -log   - Initializing Spring TestDispatcherServlet ''

14:53:05.447 [main] INFO  TestDispatcherServlet -initServletBean   - Initializing Servlet ''

14:53:05.448 [main] INFO  TestDispatcherServlet -initServletBean   - Completed initialization in 0 ms

14:53:06.301 [main] INFO  Sender -createTransfer   - createTransfer()

14:53:06.378 [org.springframework.jms.JmsListenerEndpointContainer#0-1] INFO  Receiver -receiveFromRequest   - Message received from request	[/create] queue---


14:53:06.379 [org.springframework.jms.JmsListenerEndpointContainer#0-1] INFO  Receiver -receiveFromRequest   - request	[/create] : processing....


14:53:06.437 [org.springframework.jms.JmsListenerEndpointContainer#1-1] INFO  Receiver -receiveFromResponse   - Message received from response queue---
{
  "mgni" : {
    "id" : "MGI2022010181020666",
    "time" : "2022-10-18 10:20:66",
    "type" : "1",
    "cmNo" : "F62S",
    "kacType" : "2",
    "bankNo" : "123",
    "ccy" : "USD",
    "pvType" : "1",
    "bicaccNo" : "2200546",
    "amt" : 20221014.0000,
    "ctName" : "Echo",
    "ctTel" : "0987654321",
    "status" : "0",
    "cashiList" : [ {
      "mgniId" : "MGI2022010181020666",
      "accNo" : "01",
      "ccy" : "USD",
      "amt" : 20221014.0000
    } ],
    "itype" : "1",
    "preason" : "test",
    "utime" : "2022-10-18 10:20:66"
  },
  "message" : "test Junit"
}

14:53:06.440 [main] INFO  Sender -createTransfer   - queue://response

14:53:06.513 [main] INFO  SenderTest -createTransfer   - expectedStr:
{"mgni":{"id":"MGI2022010181020666","time":"2022-10-18 10:20:66","type":"1","cmNo":"F62S","kacType":"2","bankNo":"123","ccy":"USD","pvType":"1","bicaccNo":"2200546","amt":20221014.0000,"ctName":"Echo","ctTel":"0987654321","status":"0","cashiList":[{"mgniId":"MGI2022010181020666","accNo":"01","ccy":"USD","amt":20221014.0000}],"itype":"1","preason":"test","utime":"2022-10-18 10:20:66"},"message":"test Junit"}

14:53:06.514 [main] INFO  SenderTest -createTransfer   - actual:
{"mgni":{"id":"MGI2022010181020666","time":"2022-10-18 10:20:66","type":"1","cmNo":"F62S","kacType":"2","bankNo":"123","ccy":"USD","pvType":"1","bicaccNo":"2200546","amt":20221014.0000,"ctName":"Echo","ctTel":"0987654321","status":"0","cashiList":[{"mgniId":"MGI2022010181020666","accNo":"01","ccy":"USD","amt":20221014.0000}],"itype":"1","preason":"test","utime":"2022-10-18 10:20:66"},"message":"test Junit"}

14:53:06.592 [main] INFO  MockServletContext -log   - Initializing Spring TestDispatcherServlet ''

14:53:06.594 [main] INFO  TestDispatcherServlet -initServletBean   - Initializing Servlet ''

14:53:06.596 [main] INFO  TestDispatcherServlet -initServletBean   - Completed initialization in 1 ms

14:53:06.644 [main] INFO  Sender -readTransfer   - readTransfer()

14:53:06.666 [org.springframework.jms.JmsListenerEndpointContainer#0-1] INFO  Receiver -receiveFromRequest   - Message received from request	[/find/Dynamic] queue---


14:53:06.667 [org.springframework.jms.JmsListenerEndpointContainer#0-1] INFO  Receiver -receiveFromRequest   - request	[/find/Dynamic] : processing....


14:53:06.696 [org.springframework.jms.JmsListenerEndpointContainer#1-1] INFO  Receiver -receiveFromResponse   - Message received from response queue---
{
  "mgniList" : [ {
    "id" : "MGI20220666666",
    "time" : "2022-10-14 10:03:11",
    "type" : "1",
    "cmNo" : "F62S",
    "kacType" : "2",
    "bankNo" : "123",
    "ccy" : "USD",
    "pvType" : "1",
    "bicaccNo" : "2200546",
    "amt" : 20221014.0000,
    "ctName" : "Echo",
    "ctTel" : "0987654321",
    "status" : "0",
    "cashiList" : [ {
      "mgniId" : "MGI20221014100311170",
      "accNo" : "01",
      "ccy" : "USD",
      "amt" : 20221014.0000
    } ],
    "itype" : "1",
    "preason" : "test",
    "utime" : "2022-10-14 10:03:11"
  } ],
  "message" : null
}

14:53:06.716 [main] INFO  SenderTest -readTransfer   - expectedStr:
{"mgniList":[{"id":"MGI20220666666","time":"2022-10-14 10:03:11","type":"1","cmNo":"F62S","kacType":"2","bankNo":"123","ccy":"USD","pvType":"1","bicaccNo":"2200546","amt":20221014.0000,"ctName":"Echo","ctTel":"0987654321","status":"0","cashiList":[{"mgniId":"MGI20221014100311170","accNo":"01","ccy":"USD","amt":20221014.0000}],"itype":"1","preason":"test","utime":"2022-10-14 10:03:11"}],"message":null}

14:53:06.717 [main] INFO  SenderTest -readTransfer   - actual:
{"mgniList":[{"id":"MGI20220666666","time":"2022-10-14 10:03:11","type":"1","cmNo":"F62S","kacType":"2","bankNo":"123","ccy":"USD","pvType":"1","bicaccNo":"2200546","amt":20221014.0000,"ctName":"Echo","ctTel":"0987654321","status":"0","cashiList":[{"mgniId":"MGI20221014100311170","accNo":"01","ccy":"USD","amt":20221014.0000}],"itype":"1","preason":"test","utime":"2022-10-14 10:03:11"}],"message":null}

14:53:07.742 [SpringApplicationShutdownHook] INFO  LocalContainerEntityManagerFactoryBean -destroy   - Closing JPA EntityManagerFactory for persistence unit 'default'

14:53:07.751 [SpringApplicationShutdownHook] INFO  HikariDataSource -close   - HikariPool-1 - Shutdown initiated...

14:53:07.768 [SpringApplicationShutdownHook] INFO  HikariDataSource -close   - HikariPool-1 - Shutdown completed.

