15:05:43.371 [http-nio-8080-exec-2] INFO  [/] -log   - Initializing Spring DispatcherServlet 'dispatcherServlet'

15:05:43.402 [http-nio-8080-exec-2] INFO  DispatcherServlet -initServletBean   - Initializing Servlet 'dispatcherServlet'

15:05:43.412 [http-nio-8080-exec-2] INFO  DispatcherServlet -initServletBean   - Completed initialization in 8 ms

15:05:43.524 [http-nio-8080-exec-2] INFO  Sender -getAllTransfer   - getAllTransfer()

15:05:43.589 [org.springframework.jms.JmsListenerEndpointContainer#0-1] INFO  Receiver -receiveFromRequest   - Message received from request	[/find/All] queue---


15:05:43.591 [org.springframework.jms.JmsListenerEndpointContainer#0-1] INFO  Receiver -receiveFromRequest   - request	[/find/All] : processing....


15:05:44.591 [http-nio-8080-exec-2] INFO  Sender -getAllTransfer   - queue://response

15:05:44.590 [org.springframework.jms.JmsListenerEndpointContainer#1-1] INFO  Receiver -receiveFromResponse   - Message received from response queue---
{
  "mgniList" : [ {
    "id" : "MGI20221017170559021",
    "time" : "2022-10-17 17:05:59",
    "type" : "1",
    "cmNo" : "MQ",
    "kacType" : "1",
    "bankNo" : "123",
    "ccy" : "TWD",
    "pvType" : "1",
    "bicaccNo" : "2200546",
    "amt" : 20222461.0000,
    "ctName" : "Echo",
    "ctTel" : "0987654321",
    "status" : "0",
    "cashiList" : [ {
      "mgniId" : "MGI20221017170559021",
      "accNo" : "002",
      "ccy" : "TWD",
      "amt" : 20221016.0000
    }, {
      "mgniId" : "MGI20221017170559021",
      "accNo" : "01",
      "ccy" : "TWD",
      "amt" : 1445.0000
    } ],
    "itype" : "",
    "utime" : "2022-10-17 17:05:59",
    "preason" : "test"
  }, {
    "id" : "MGI20221018142242912",
    "time" : "2022-10-18 14:22:42",
    "type" : "1",
    "cmNo" : "MQ",
    "kacType" : "2",
    "bankNo" : "123",
    "ccy" : "TWD",
    "pvType" : "1",
    "bicaccNo" : "2200546",
    "amt" : 20221018.0000,
    "ctName" : "Echo",
    "ctTel" : "0987654321",
    "status" : "0",
    "cashiList" : [ {
      "mgniId" : "MGI20221018142242912",
      "accNo" : "007",
      "ccy" : "TWD",
      "amt" : 20221018.0000
    }, {
      "mgniId" : "MGI20221018142242912",
      "accNo" : "03",
      "ccy" : "TWD",
      "amt" : 2000.0000
    }, {
      "mgniId" : "MGI20221018142242912",
      "accNo" : "04",
      "ccy" : "TWD",
      "amt" : 666666.0000
    }, {
      "mgniId" : "MGI20221018142242912",
      "accNo" : "05",
      "ccy" : "TWD",
      "amt" : 3000.0000
    } ],
    "itype" : "",
    "utime" : "2022-10-18 14:22:42",
    "preason" : "test"
  }, {
    "id" : "MGI20221018142309428",
    "time" : "2022-10-18 14:23:09",
    "type" : "1",
    "cmNo" : "MQ",
    "kacType" : "1",
    "bankNo" : "123",
    "ccy" : "USD",
    "pvType" : "1",
    "bicaccNo" : "2200546",
    "amt" : 16666.0000,
    "ctName" : "Echo",
    "ctTel" : "0987654321",
    "status" : "0",
    "cashiList" : [ {
      "mgniId" : "MGI20221018142309428",
      "accNo" : "001",
      "ccy" : "USD",
      "amt" : 1.0000
    }, {
      "mgniId" : "MGI20221018142309428",
      "accNo" : "002",
      "ccy" : "USD",
      "amt" : 9999.0000
    }, {
      "mgniId" : "MGI20221018142309428",
      "accNo" : "003",
      "ccy" : "USD",
      "amt" : 6666.0000
    } ],
    "itype" : "",
    "utime" : "2022-10-20 14:33:47",
    "preason" : "test"
  }, {
    "id" : "MGI20221018142400707",
    "time" : "2022-10-18 14:24:00",
    "type" : "1",
    "cmNo" : "MQ",
    "kacType" : "1",
    "bankNo" : "123",
    "ccy" : "USD",
    "pvType" : "1",
    "bicaccNo" : "2200546",
    "amt" : 16666.0000,
    "ctName" : "Echo",
    "ctTel" : "0987654321",
    "status" : "0",
    "cashiList" : [ {
      "mgniId" : "MGI20221018142400707",
      "accNo" : "001",
      "ccy" : "USD",
      "amt" : 1.0000
    }, {
      "mgniId" : "MGI20221018142400707",
      "accNo" : "002",
      "ccy" : "USD",
      "amt" : 9999.0000
    }, {
      "mgniId" : "MGI20221018142400707",
      "accNo" : "003",
      "ccy" : "USD",
      "amt" : 6666.0000
    } ],
    "itype" : "",
    "utime" : "2022-10-19 10:56:20",
    "preason" : "test"
  }, {
    "id" : "MGI20221019102658805",
    "time" : "2022-10-19 10:26:58",
    "type" : "1",
    "cmNo" : "JDBC",
    "kacType" : "1",
    "bankNo" : "999",
    "ccy" : "TWD",
    "pvType" : "1",
    "bicaccNo" : "1234567",
    "amt" : 20221683.0000,
    "ctName" : "Echo",
    "ctTel" : "0987654321",
    "status" : "0",
    "cashiList" : [ {
      "mgniId" : "MGI20221019102658805",
      "accNo" : "01",
      "ccy" : "TWD",
      "amt" : 666.0000
    }, {
      "mgniId" : "MGI20221019102658805",
      "accNo" : "02",
      "ccy" : "TWD",
      "amt" : 20221017.0000
    } ],
    "itype" : "1",
    "utime" : "2022-10-19 10:26:58",
    "preason" : "test jdbc"
  }, {
    "id" : "MGI20221019133417115",
    "time" : "2022-10-19 13:34:17",
    "type" : "1",
    "cmNo" : "MQ",
    "kacType" : "1",
    "bankNo" : "123",
    "ccy" : "USD",
    "pvType" : "1",
    "bicaccNo" : "87",
    "amt" : 20230546.0000,
    "ctName" : "Echo",
    "ctTel" : "0987654321",
    "status" : "0",
    "cashiList" : [ {
      "mgniId" : "MGI20221019133417115",
      "accNo" : "007",
      "ccy" : "USD",
      "amt" : 9527.0000
    }, {
      "mgniId" : "MGI20221019133417115",
      "accNo" : "66",
      "ccy" : "USD",
      "amt" : 20221019.0000
    } ],
    "itype" : "",
    "utime" : "2022-10-19 13:34:17",
    "preason" : "test"
  }, {
    "id" : "MGI20221019133447186",
    "time" : "2022-10-19 13:34:47",
    "type" : "1",
    "cmNo" : "MQ",
    "kacType" : "1",
    "bankNo" : "123",
    "ccy" : "USD",
    "pvType" : "1",
    "bicaccNo" : "87",
    "amt" : 20230546.0000,
    "ctName" : "Echo",
    "ctTel" : "0987654321",
    "status" : "0",
    "cashiList" : [ {
      "mgniId" : "MGI20221019133447186",
      "accNo" : "007",
      "ccy" : "USD",
      "amt" : 9527.0000
    }, {
      "mgniId" : "MGI20221019133447186",
      "accNo" : "66",
      "ccy" : "USD",
      "amt" : 20221019.0000
    } ],
    "itype" : "",
    "utime" : "2022-10-19 13:34:47",
    "preason" : "test"
  }, {
    "id" : "MGI20221019133600012",
    "time" : "2022-10-19 13:36:00",
    "type" : "1",
    "cmNo" : "MQ",
    "kacType" : "1",
    "bankNo" : "123",
    "ccy" : "USD",
    "pvType" : "1",
    "bicaccNo" : "87",
    "amt" : 20230546.0000,
    "ctName" : "Echo",
    "ctTel" : "0987654321",
    "status" : "0",
    "cashiList" : [ {
      "mgniId" : "MGI20221019133600012",
      "accNo" : "007",
      "ccy" : "USD",
      "amt" : 9527.0000
    }, {
      "mgniId" : "MGI20221019133600012",
      "accNo" : "66",
      "ccy" : "USD",
      "amt" : 20221019.0000
    } ],
    "itype" : "",
    "utime" : "2022-10-19 13:36:00",
    "preason" : "test"
  }, {
    "id" : "MGI20221019154256496",
    "time" : "2022-10-19 15:42:56",
    "type" : "1",
    "cmNo" : "MQ",
    "kacType" : "1",
    "bankNo" : "123",
    "ccy" : "USD",
    "pvType" : "1",
    "bicaccNo" : "87",
    "amt" : 20230546.0000,
    "ctName" : "Echo",
    "ctTel" : "0987654321",
    "status" : "0",
    "cashiList" : [ {
      "mgniId" : "MGI20221019154256496",
      "accNo" : "007",
      "ccy" : "USD",
      "amt" : 9527.0000
    }, {
      "mgniId" : "MGI20221019154256496",
      "accNo" : "66",
      "ccy" : "USD",
      "amt" : 20221019.0000
    } ],
    "itype" : "",
    "utime" : "2022-10-19 15:42:56",
    "preason" : "test"
  }, {
    "id" : "MGI20221019154404313",
    "time" : "2022-10-19 15:44:04",
    "type" : "1",
    "cmNo" : "MQ",
    "kacType" : "1",
    "bankNo" : "123",
    "ccy" : "USD",
    "pvType" : "1",
    "bicaccNo" : "87",
    "amt" : 20230546.0000,
    "ctName" : "Echo",
    "ctTel" : "0987654321",
    "status" : "0",
    "cashiList" : [ {
      "mgniId" : "MGI20221019154404313",
      "accNo" : "007",
      "ccy" : "USD",
      "amt" : 9527.0000
    }, {
      "mgniId" : "MGI20221019154404313",
      "accNo" : "66",
      "ccy" : "USD",
      "amt" : 20221019.0000
    } ],
    "itype" : "",
    "utime" : "2022-10-19 15:44:04",
    "preason" : "test"
  }, {
    "id" : "MGI20221019163611536",
    "time" : "2022-10-19 16:36:11",
    "type" : "1",
    "cmNo" : "JDBC",
    "kacType" : "1",
    "bankNo" : "999",
    "ccy" : "TWD",
    "pvType" : "1",
    "bicaccNo" : "1234567",
    "amt" : 20221683.0000,
    "ctName" : "Echo",
    "ctTel" : "0987654321",
    "status" : "0",
    "cashiList" : [ {
      "mgniId" : "MGI20221019163611536",
      "accNo" : "01",
      "ccy" : "TWD",
      "amt" : 666.0000
    }, {
      "mgniId" : "MGI20221019163611536",
      "accNo" : "02",
      "ccy" : "TWD",
      "amt" : 20221017.0000
    } ],
    "itype" : "1",
    "utime" : "2022-10-19 16:36:11",
    "preason" : "test jdbc"
  }, {
    "id" : "MGI20221019165913374",
    "time" : "2022-10-19 16:59:13",
    "type" : "1",
    "cmNo" : "JDBC",
    "kacType" : "1",
    "bankNo" : "999",
    "ccy" : "TWD",
    "pvType" : "1",
    "bicaccNo" : "1234567",
    "amt" : 20221683.0000,
    "ctName" : "Echo",
    "ctTel" : "0987654321",
    "status" : "0",
    "cashiList" : [ {
      "mgniId" : "MGI20221019165913374",
      "accNo" : "01",
      "ccy" : "TWD",
      "amt" : 666.0000
    }, {
      "mgniId" : "MGI20221019165913374",
      "accNo" : "02",
      "ccy" : "TWD",
      "amt" : 20221017.0000
    } ],
    "itype" : "1",
    "utime" : "2022-10-19 16:59:13",
    "preason" : "test jdbc"
  }, {
    "id" : "MGI20221019170035540",
    "time" : "2022-10-19 17:00:35",
    "type" : "1",
    "cmNo" : "JDBC",
    "kacType" : "1",
    "bankNo" : "999",
    "ccy" : "TWD",
    "pvType" : "1",
    "bicaccNo" : "1234567",
    "amt" : 20221683.0000,
    "ctName" : "Echo",
    "ctTel" : "0987654321",
    "status" : "0",
    "cashiList" : [ {
      "mgniId" : "MGI20221019170035540",
      "accNo" : "01",
      "ccy" : "TWD",
      "amt" : 666.0000
    }, {
      "mgniId" : "MGI20221019170035540",
      "accNo" : "02",
      "ccy" : "TWD",
      "amt" : 20221017.0000
    } ],
    "itype" : "1",
    "utime" : "2022-10-19 17:00:35",
    "preason" : "test jdbc"
  }, {
    "id" : "MGI20221019170129022",
    "time" : "2022-10-19 17:01:29",
    "type" : "1",
    "cmNo" : "JDBC",
    "kacType" : "1",
    "bankNo" : "999",
    "ccy" : "TWD",
    "pvType" : "1",
    "bicaccNo" : "1234567",
    "amt" : 20221683.0000,
    "ctName" : "Echo",
    "ctTel" : "0987654321",
    "status" : "0",
    "cashiList" : [ {
      "mgniId" : "MGI20221019170129022",
      "accNo" : "01",
      "ccy" : "TWD",
      "amt" : 666.0000
    }, {
      "mgniId" : "MGI20221019170129022",
      "accNo" : "02",
      "ccy" : "TWD",
      "amt" : 20221017.0000
    } ],
    "itype" : "1",
    "utime" : "2022-10-19 17:01:29",
    "preason" : "test jdbc"
  }, {
    "id" : "MGI20221019170510651",
    "time" : "2022-10-19 17:05:10",
    "type" : "1",
    "cmNo" : "JDBC",
    "kacType" : "1",
    "bankNo" : "999",
    "ccy" : "TWD",
    "pvType" : "1",
    "bicaccNo" : "1234567",
    "amt" : 20221683.0000,
    "ctName" : "Echo",
    "ctTel" : "0987654321",
    "status" : "0",
    "cashiList" : [ {
      "mgniId" : "MGI20221019170510651",
      "accNo" : "01",
      "ccy" : "TWD",
      "amt" : 666.0000
    }, {
      "mgniId" : "MGI20221019170510651",
      "accNo" : "02",
      "ccy" : "TWD",
      "amt" : 20221017.0000
    }, {
      "mgniId" : "MGI20221019170510651",
      "accNo" : "03",
      "ccy" : "TWD",
      "amt" : 2000.0000
    }, {
      "mgniId" : "MGI20221019170510651",
      "accNo" : "04",
      "ccy" : "TWD",
      "amt" : 666666.0000
    }, {
      "mgniId" : "MGI20221019170510651",
      "accNo" : "05",
      "ccy" : "TWD",
      "amt" : 3000.0000
    } ],
    "itype" : "1",
    "utime" : "2022-10-19 17:05:10",
    "preason" : "test jdbc"
  }, {
    "id" : "MGI20221019170745458",
    "time" : "2022-10-19 17:07:45",
    "type" : "1",
    "cmNo" : "JDBC",
    "kacType" : "1",
    "bankNo" : "999",
    "ccy" : "TWD",
    "pvType" : "1",
    "bicaccNo" : "1234567",
    "amt" : 20221683.0000,
    "ctName" : "Echo",
    "ctTel" : "0987654321",
    "status" : "0",
    "cashiList" : [ {
      "mgniId" : "MGI20221019170745458",
      "accNo" : "01",
      "ccy" : "TWD",
      "amt" : 666.0000
    }, {
      "mgniId" : "MGI20221019170745458",
      "accNo" : "02",
      "ccy" : "TWD",
      "amt" : 20221017.0000
    } ],
    "itype" : "1",
    "utime" : "2022-10-19 17:07:45",
    "preason" : "test jdbc"
  }, {
    "id" : "MGI20221019171236102",
    "time" : "2022-10-19 17:12:36",
    "type" : "1",
    "cmNo" : "JDBC",
    "kacType" : "1",
    "bankNo" : "999",
    "ccy" : "TWD",
    "pvType" : "1",
    "bicaccNo" : "1234567",
    "amt" : 20221683.0000,
    "ctName" : "Echo",
    "ctTel" : "0987654321",
    "status" : "0",
    "cashiList" : [ {
      "mgniId" : "MGI20221019171236102",
      "accNo" : "01",
      "ccy" : "TWD",
      "amt" : 666.0000
    }, {
      "mgniId" : "MGI20221019171236102",
      "accNo" : "02",
      "ccy" : "TWD",
      "amt" : 20221017.0000
    } ],
    "itype" : "1",
    "utime" : "2022-10-19 17:12:36",
    "preason" : "test jdbc"
  }, {
    "id" : "MGI20221019171858883",
    "time" : "2022-10-19 17:18:58",
    "type" : "1",
    "cmNo" : "JDBC",
    "kacType" : "1",
    "bankNo" : "999",
    "ccy" : "TWD",
    "pvType" : "1",
    "bicaccNo" : "1234567",
    "amt" : 20221683.0000,
    "ctName" : "Echo",
    "ctTel" : "0987654321",
    "status" : "0",
    "cashiList" : [ {
      "mgniId" : "MGI20221019171858883",
      "accNo" : "01",
      "ccy" : "TWD",
      "amt" : 666.0000
    }, {
      "mgniId" : "MGI20221019171858883",
      "accNo" : "02",
      "ccy" : "TWD",
      "amt" : 20221017.0000
    } ],
    "itype" : "1",
    "utime" : "2022-10-19 17:18:58",
    "preason" : "test jdbc"
  }, {
    "id" : "MGI20221019172055833",
    "time" : "2022-10-19 17:20:55",
    "type" : "1",
    "cmNo" : "JDBC",
    "kacType" : "1",
    "bankNo" : "999",
    "ccy" : "TWD",
    "pvType" : "1",
    "bicaccNo" : "1234567",
    "amt" : 20221683.0000,
    "ctName" : "Echo",
    "ctTel" : "0987654321",
    "status" : "0",
    "cashiList" : [ {
      "mgniId" : "MGI20221019172055833",
      "accNo" : "01",
      "ccy" : "TWD",
      "amt" : 666.0000
    }, {
      "mgniId" : "MGI20221019172055833",
      "accNo" : "02",
      "ccy" : "TWD",
      "amt" : 20221017.0000
    } ],
    "itype" : "1",
    "utime" : "2022-10-19 17:20:55",
    "preason" : "test jdbc"
  }, {
    "id" : "MGI20221019172258124",
    "time" : "2022-10-19 17:22:58",
    "type" : "1",
    "cmNo" : "JDBC",
    "kacType" : "1",
    "bankNo" : "999",
    "ccy" : "TWD",
    "pvType" : "1",
    "bicaccNo" : "1234567",
    "amt" : 20221683.0000,
    "ctName" : "Echo",
    "ctTel" : "0987654321",
    "status" : "0",
    "cashiList" : [ {
      "mgniId" : "MGI20221019172258124",
      "accNo" : "01",
      "ccy" : "TWD",
      "amt" : 666.0000
    }, {
      "mgniId" : "MGI20221019172258124",
      "accNo" : "02",
      "ccy" : "TWD",
      "amt" : 20221017.0000
    } ],
    "itype" : "1",
    "utime" : "2022-10-19 17:22:58",
    "preason" : "test jdbc"
  }, {
    "id" : "MGI20221019173408031",
    "time" : "2022-10-19 17:34:08",
    "type" : "1",
    "cmNo" : "JDBC",
    "kacType" : "1",
    "bankNo" : "999",
    "ccy" : "TWD",
    "pvType" : "1",
    "bicaccNo" : "1234567",
    "amt" : 20221683.0000,
    "ctName" : "Echo",
    "ctTel" : "0987654321",
    "status" : "0",
    "cashiList" : [ {
      "mgniId" : "MGI20221019173408031",
      "accNo" : "01",
      "ccy" : "TWD",
      "amt" : 666.0000
    }, {
      "mgniId" : "MGI20221019173408031",
      "accNo" : "02",
      "ccy" : "TWD",
      "amt" : 20221017.0000
    } ],
    "itype" : "1",
    "utime" : "2022-10-19 17:34:08",
    "preason" : "test jdbc"
  }, {
    "id" : "MGI20221019173843402",
    "time" : "2022-10-19 17:38:43",
    "type" : "1",
    "cmNo" : "JDBC",
    "kacType" : "1",
    "bankNo" : "999",
    "ccy" : "TWD",
    "pvType" : "1",
    "bicaccNo" : "1234567",
    "amt" : 20221683.0000,
    "ctName" : "Echo",
    "ctTel" : "0987654321",
    "status" : "0",
    "cashiList" : [ {
      "mgniId" : "MGI20221019173843402",
      "accNo" : "01",
      "ccy" : "TWD",
      "amt" : 666.0000
    }, {
      "mgniId" : "MGI20221019173843402",
      "accNo" : "02",
      "ccy" : "TWD",
      "amt" : 20221017.0000
    } ],
    "itype" : "1",
    "utime" : "2022-10-19 17:38:43",
    "preason" : "test jdbc"
  }, {
    "id" : "MGI20221019174059967",
    "time" : "2022-10-19 17:40:59",
    "type" : "1",
    "cmNo" : "JDBC",
    "kacType" : "1",
    "bankNo" : "999",
    "ccy" : "TWD",
    "pvType" : "1",
    "bicaccNo" : "1234567",
    "amt" : 20221683.0000,
    "ctName" : "Echo",
    "ctTel" : "0987654321",
    "status" : "0",
    "cashiList" : [ {
      "mgniId" : "MGI20221019174059967",
      "accNo" : "01",
      "ccy" : "TWD",
      "amt" : 666.0000
    }, {
      "mgniId" : "MGI20221019174059967",
      "accNo" : "02",
      "ccy" : "TWD",
      "amt" : 20221017.0000
    } ],
    "itype" : "1",
    "utime" : "2022-10-19 17:40:59",
    "preason" : "test jdbc"
  }, {
    "id" : "MGI20221019174340875",
    "time" : "2022-10-19 17:43:40",
    "type" : "1",
    "cmNo" : "JDBC",
    "kacType" : "1",
    "bankNo" : "999",
    "ccy" : "TWD",
    "pvType" : "1",
    "bicaccNo" : "1234567",
    "amt" : 20221683.0000,
    "ctName" : "Echo",
    "ctTel" : "0987654321",
    "status" : "0",
    "cashiList" : [ {
      "mgniId" : "MGI20221019174340875",
      "accNo" : "01",
      "ccy" : "TWD",
      "amt" : 666.0000
    }, {
      "mgniId" : "MGI20221019174340875",
      "accNo" : "02",
      "ccy" : "TWD",
      "amt" : 20221017.0000
    } ],
    "itype" : "1",
    "utime" : "2022-10-19 17:43:40",
    "preason" : "test jdbc"
  }, {
    "id" : "MGI20221019174730482",
    "time" : "2022-10-19 17:47:30",
    "type" : "1",
    "cmNo" : "JDBC",
    "kacType" : "1",
    "bankNo" : "999",
    "ccy" : "TWD",
    "pvType" : "1",
    "bicaccNo" : "1234567",
    "amt" : 20221683.0000,
    "ctName" : "Echo",
    "ctTel" : "0987654321",
    "status" : "0",
    "cashiList" : [ {
      "mgniId" : "MGI20221019174730482",
      "accNo" : "01",
      "ccy" : "TWD",
      "amt" : 666.0000
    }, {
      "mgniId" : "MGI20221019174730482",
      "accNo" : "02",
      "ccy" : "TWD",
      "amt" : 20221017.0000
    } ],
    "itype" : "1",
    "utime" : "2022-10-19 17:47:30",
    "preason" : "test jdbc"
  }, {
    "id" : "MGI20221019175216256",
    "time" : "2022-10-19 17:52:16",
    "type" : "1",
    "cmNo" : "JDBC",
    "kacType" : "1",
    "bankNo" : "999",
    "ccy" : "TWD",
    "pvType" : "1",
    "bicaccNo" : "1234567",
    "amt" : 20221683.0000,
    "ctName" : "Echo",
    "ctTel" : "0987654321",
    "status" : "0",
    "cashiList" : [ {
      "mgniId" : "MGI20221019175216256",
      "accNo" : "01",
      "ccy" : "TWD",
      "amt" : 666.0000
    }, {
      "mgniId" : "MGI20221019175216256",
      "accNo" : "02",
      "ccy" : "TWD",
      "amt" : 20221017.0000
    } ],
    "itype" : "1",
    "utime" : "2022-10-19 17:52:16",
    "preason" : "test jdbc"
  }, {
    "id" : "MGI20221019175533191",
    "time" : "2022-10-19 17:55:33",
    "type" : "1",
    "cmNo" : "JDBC",
    "kacType" : "1",
    "bankNo" : "999",
    "ccy" : "TWD",
    "pvType" : "1",
    "bicaccNo" : "1234567",
    "amt" : 20221683.0000,
    "ctName" : "Echo",
    "ctTel" : "0987654321",
    "status" : "0",
    "cashiList" : [ {
      "mgniId" : "MGI20221019175533191",
      "accNo" : "01",
      "ccy" : "TWD",
      "amt" : 666.0000
    }, {
      "mgniId" : "MGI20221019175533191",
      "accNo" : "02",
      "ccy" : "TWD",
      "amt" : 20221017.0000
    } ],
    "itype" : "1",
    "utime" : "2022-10-19 17:55:33",
    "preason" : "test jdbc"
  }, {
    "id" : "MGI20221019175534284",
    "time" : "2022-10-19 17:55:34",
    "type" : "1",
    "cmNo" : "JDBC",
    "kacType" : "1",
    "bankNo" : "999",
    "ccy" : "TWD",
    "pvType" : "1",
    "bicaccNo" : "1234567",
    "amt" : 20221683.0000,
    "ctName" : "Echo",
    "ctTel" : "0987654321",
    "status" : "0",
    "cashiList" : [ {
      "mgniId" : "MGI20221019175534284",
      "accNo" : "01",
      "ccy" : "TWD",
      "amt" : 666.0000
    }, {
      "mgniId" : "MGI20221019175534284",
      "accNo" : "02",
      "ccy" : "TWD",
      "amt" : 20221017.0000
    } ],
    "itype" : "1",
    "utime" : "2022-10-19 17:55:34",
    "preason" : "test jdbc"
  }, {
    "id" : "MGI20221019180632170",
    "time" : "2022-10-19 18:06:32",
    "type" : "1",
    "cmNo" : "JDBC",
    "kacType" : "1",
    "bankNo" : "999",
    "ccy" : "TWD",
    "pvType" : "1",
    "bicaccNo" : "1234567",
    "amt" : 20221683.0000,
    "ctName" : "Echo",
    "ctTel" : "0987654321",
    "status" : "0",
    "cashiList" : [ {
      "mgniId" : "MGI20221019180632170",
      "accNo" : "01",
      "ccy" : "TWD",
      "amt" : 666.0000
    }, {
      "mgniId" : "MGI20221019180632170",
      "accNo" : "02",
      "ccy" : "TWD",
      "amt" : 20221017.0000
    } ],
    "itype" : "1",
    "utime" : "2022-10-19 18:06:32",
    "preason" : "test jdbc"
  }, {
    "id" : "MGI20221020093429599",
    "time" : "2022-10-20 09:34:29",
    "type" : "1",
    "cmNo" : "JDBC",
    "kacType" : "1",
    "bankNo" : "999",
    "ccy" : "TWD",
    "pvType" : "1",
    "bicaccNo" : "1234567",
    "amt" : 20221683.0000,
    "ctName" : "Echo",
    "ctTel" : "0987654321",
    "status" : "0",
    "cashiList" : [ {
      "mgniId" : "MGI20221020093429599",
      "accNo" : "01",
      "ccy" : "TWD",
      "amt" : 666.0000
    }, {
      "mgniId" : "MGI20221020093429599",
      "accNo" : "02",
      "ccy" : "TWD",
      "amt" : 20221017.0000
    } ],
    "itype" : "1",
    "utime" : "2022-10-20 09:34:29",
    "preason" : "test jdbc"
  }, {
    "id" : "MGI20221020093658834",
    "time" : "2022-10-20 09:36:58",
    "type" : "1",
    "cmNo" : "JDBC",
    "kacType" : "1",
    "bankNo" : "999",
    "ccy" : "TWD",
    "pvType" : "1",
    "bicaccNo" : "1234567",
    "amt" : 20221683.0000,
    "ctName" : "Echo",
    "ctTel" : "0987654321",
    "status" : "0",
    "cashiList" : [ {
      "mgniId" : "MGI20221020093658834",
      "accNo" : "01",
      "ccy" : "TWD",
      "amt" : 666.0000
    }, {
      "mgniId" : "MGI20221020093658834",
      "accNo" : "02",
      "ccy" : "TWD",
      "amt" : 20221017.0000
    } ],
    "itype" : "1",
    "utime" : "2022-10-20 09:36:58",
    "preason" : "test jdbc"
  }, {
    "id" : "MGI20221020093807498",
    "time" : "2022-10-20 09:38:07",
    "type" : "1",
    "cmNo" : "JDBC",
    "kacType" : "1",
    "bankNo" : "999",
    "ccy" : "TWD",
    "pvType" : "1",
    "bicaccNo" : "1234567",
    "amt" : 20221683.0000,
    "ctName" : "Echo",
    "ctTel" : "0987654321",
    "status" : "0",
    "cashiList" : [ {
      "mgniId" : "MGI20221020093807498",
      "accNo" : "01",
      "ccy" : "TWD",
      "amt" : 666.0000
    }, {
      "mgniId" : "MGI20221020093807498",
      "accNo" : "02",
      "ccy" : "TWD",
      "amt" : 20221017.0000
    } ],
    "itype" : "1",
    "utime" : "2022-10-20 09:38:07",
    "preason" : "test jdbc"
  }, {
    "id" : "MGI20221020143344057",
    "time" : "2022-10-20 14:33:44",
    "type" : "1",
    "cmNo" : "MQ",
    "kacType" : "1",
    "bankNo" : "123",
    "ccy" : "USD",
    "pvType" : "1",
    "bicaccNo" : "87",
    "amt" : 20230546.0000,
    "ctName" : "Echo",
    "ctTel" : "0987654321",
    "status" : "0",
    "cashiList" : [ {
      "mgniId" : "MGI20221020143344057",
      "accNo" : "007",
      "ccy" : "USD",
      "amt" : 9527.0000
    }, {
      "mgniId" : "MGI20221020143344057",
      "accNo" : "66",
      "ccy" : "USD",
      "amt" : 20221019.0000
    } ],
    "itype" : "",
    "utime" : "2022-10-20 14:33:44",
    "preason" : "test"
  } ],
  "message" : "read success"
}

